0 {'max_depth': 2, 'learning_rate': 0.1, 'objective': 'multi:softprob', 'num_class': 54, 'base_score': 0.5, 'booster': 'gbtree', 'colsample_bylevel': 1, 'colsample_bynode': 1, 'colsample_bytree': 1.0, 'gamma': 0, 'max_delta_step': 0, 'min_child_weight': 1, 'random_state': 0, 'reg_alpha': 0, 'reg_lambda': 1, 'scale_pos_weight': 1, 'seed': 42, 'subsample': 0.1, 'verbosity': 0}
[0]	train-merror:0.895662
[1]	train-merror:0.892007
[2]	train-merror:0.890863
[3]	train-merror:0.890932
[4]	train-merror:0.890483
[5]	train-merror:0.889548
[6]	train-merror:0.88834
[7]	train-merror:0.8879
[8]	train-merror:0.888229
[9]	train-merror:0.888017
[10]	train-merror:0.886999
[11]	train-merror:0.886531
[12]	train-merror:0.886392
[13]	train-merror:0.886503
[14]	train-merror:0.886604
[15]	train-merror:0.88613
[16]	train-merror:0.88643
[17]	train-merror:0.885602
[18]	train-merror:0.885086
[19]	train-merror:0.884739
[20]	train-merror:0.884283
[21]	train-merror:0.884021
[22]	train-merror:0.883939
[23]	train-merror:0.884078
[24]	train-merror:0.884318
[25]	train-merror:0.884071
[26]	train-merror:0.883869
[27]	train-merror:0.8836
[28]	train-merror:0.883537
[29]	train-merror:0.883509
[30]	train-merror:0.883395
[31]	train-merror:0.882785
[32]	train-merror:0.882554
[33]	train-merror:0.882718
[34]	train-merror:0.882883
[35]	train-merror:0.882627
[36]	train-merror:0.882614
[37]	train-merror:0.88232
[38]	train-merror:0.882336
[39]	train-merror:0.882238
[40]	train-merror:0.881868
[41]	train-merror:0.881744
[42]	train-merror:0.881722
[43]	train-merror:0.881659
[44]	train-merror:0.881526
[45]	train-merror:0.881374
[46]	train-merror:0.881387
[47]	train-merror:0.881416
[48]	train-merror:0.881242
[49]	train-merror:0.881058
[50]	train-merror:0.880932
[51]	train-merror:0.880938
[52]	train-merror:0.880805
[53]	train-merror:0.880663
[54]	train-merror:0.88054
[55]	train-merror:0.880562
[56]	train-merror:0.880505
[57]	train-merror:0.880612
[58]	train-merror:0.880518
[59]	train-merror:0.880069
[60]	train-merror:0.880072
[61]	train-merror:0.88028
[62]	train-merror:0.880107
[63]	train-merror:0.879715
[64]	train-merror:0.87979
[65]	train-merror:0.87986
[66]	train-merror:0.880056
[67]	train-merror:0.879983
[68]	train-merror:0.879904
[69]	train-merror:0.879901
[70]	train-merror:0.880034
[71]	train-merror:0.879708
[72]	train-merror:0.879569
[73]	train-merror:0.879417
[74]	train-merror:0.879269
[75]	train-merror:0.879243
[76]	train-merror:0.879136
[77]	train-merror:0.879171
[78]	train-merror:0.879085
[79]	train-merror:0.879082
[80]	train-merror:0.879041
[81]	train-merror:0.879009
[82]	train-merror:0.879038
[83]	train-merror:0.879161
[84]	train-merror:0.87887
[85]	train-merror:0.879057
[86]	train-merror:0.879009
[87]	train-merror:0.879041
[88]	train-merror:0.878934
[89]	train-merror:0.878753
[90]	train-merror:0.878706
[91]	train-merror:0.878712
[92]	train-merror:0.878662
[93]	train-merror:0.878649
[94]	train-merror:0.878573
[95]	train-merror:0.878557
[96]	train-merror:0.878485
[97]	train-merror:0.878216
[98]	train-merror:0.878168
[99]	train-merror:0.878137
result {'acc': 0.12000720877953465, 'balanced_acc': 0.10132672078446496, 'logloss': 3.4903522242014158}

1 {'max_depth': 2, 'learning_rate': 0.1, 'objective': 'multi:softprob', 'num_class': 54, 'base_score': 0.5, 'booster': 'gbtree', 'colsample_bylevel': 1, 'colsample_bynode': 1, 'colsample_bytree': 1.0, 'gamma': 0, 'max_delta_step': 0, 'min_child_weight': 1, 'random_state': 0, 'reg_alpha': 0, 'reg_lambda': 1, 'scale_pos_weight': 1, 'seed': 42, 'subsample': 0.2, 'verbosity': 0}
[0]	train-merror:0.893016
[1]	train-merror:0.892128
[2]	train-merror:0.890275
[3]	train-merror:0.889228
[4]	train-merror:0.889402
[5]	train-merror:0.88877
[6]	train-merror:0.887872
[7]	train-merror:0.887932
[8]	train-merror:0.887315
[9]	train-merror:0.886639
[10]	train-merror:0.886636
[11]	train-merror:0.886285
[12]	train-merror:0.886225
[13]	train-merror:0.885725
[14]	train-merror:0.885254
[15]	train-merror:0.885358
[16]	train-merror:0.885121
[17]	train-merror:0.885162
[18]	train-merror:0.885061
[19]	train-merror:0.8841
[20]	train-merror:0.884758
[21]	train-merror:0.884388
[22]	train-merror:0.883714
[23]	train-merror:0.883461
[24]	train-merror:0.883578
[25]	train-merror:0.883622
[26]	train-merror:0.883389
[27]	train-merror:0.883689
[28]	train-merror:0.883211
[29]	train-merror:0.883509
[30]	train-merror:0.882725
[31]	train-merror:0.882118
[32]	train-merror:0.88194
[33]	train-merror:0.881476
[34]	train-merror:0.881637
[35]	train-merror:0.881593
[36]	train-merror:0.881469
[37]	train-merror:0.881868
[38]	train-merror:0.881925
[39]	train-merror:0.881656
[40]	train-merror:0.881542
[41]	train-merror:0.881545
[42]	train-merror:0.881194
[43]	train-merror:0.881292
[44]	train-merror:0.8814
[45]	train-merror:0.881318
[46]	train-merror:0.881207
[47]	train-merror:0.88103
[48]	train-merror:0.880932
[49]	train-merror:0.880628
[50]	train-merror:0.880391
[51]	train-merror:0.880252
[52]	train-merror:0.880129
[53]	train-merror:0.879958
[54]	train-merror:0.880369
[55]	train-merror:0.880454
[56]	train-merror:0.880413
[57]	train-merror:0.880439
[58]	train-merror:0.879882
[59]	train-merror:0.879803
[60]	train-merror:0.879632
[61]	train-merror:0.879588
[62]	train-merror:0.879544
[63]	train-merror:0.879477
[64]	train-merror:0.87943
[65]	train-merror:0.879389
[66]	train-merror:0.879395
[67]	train-merror:0.879436
[68]	train-merror:0.879392
[69]	train-merror:0.879427
[70]	train-merror:0.879617
[71]	train-merror:0.879332
[72]	train-merror:0.879215
[73]	train-merror:0.879117
[74]	train-merror:0.879193
[75]	train-merror:0.879247
[76]	train-merror:0.879092
[77]	train-merror:0.879158
[78]	train-merror:0.879199
[79]	train-merror:0.879177
[80]	train-merror:0.879139
[81]	train-merror:0.879006
[82]	train-merror:0.879152
[83]	train-merror:0.879051
[84]	train-merror:0.878886
[85]	train-merror:0.878889
[86]	train-merror:0.878911
[87]	train-merror:0.878874
[88]	train-merror:0.878813
[89]	train-merror:0.878886
[90]	train-merror:0.87875
[91]	train-merror:0.878605
[92]	train-merror:0.878636
[93]	train-merror:0.87869
[94]	train-merror:0.878886
[95]	train-merror:0.878763
[96]	train-merror:0.878709
[97]	train-merror:0.878715
[98]	train-merror:0.878652
[99]	train-merror:0.878668
result {'acc': 0.12000720877953465, 'balanced_acc': 0.1014276695101409, 'logloss': 3.496033286273002}

2 {'max_depth': 2, 'learning_rate': 0.1, 'objective': 'multi:softprob', 'num_class': 54, 'base_score': 0.5, 'booster': 'gbtree', 'colsample_bylevel': 1, 'colsample_bynode': 1, 'colsample_bytree': 1.0, 'gamma': 0, 'max_delta_step': 0, 'min_child_weight': 1, 'random_state': 0, 'reg_alpha': 0, 'reg_lambda': 1, 'scale_pos_weight': 1, 'seed': 42, 'subsample': 0.3, 'verbosity': 0}
[0]	train-merror:0.894116
[1]	train-merror:0.891947
[2]	train-merror:0.890803
[3]	train-merror:0.890079
[4]	train-merror:0.89042
[5]	train-merror:0.888846
[6]	train-merror:0.888454
[7]	train-merror:0.888008
[8]	train-merror:0.887628
[9]	train-merror:0.887236
[10]	train-merror:0.887281
[11]	train-merror:0.88686
[12]	train-merror:0.88631
[13]	train-merror:0.885953
[14]	train-merror:0.885779
[15]	train-merror:0.885305
[16]	train-merror:0.885083
[17]	train-merror:0.88509
[18]	train-merror:0.884356
[19]	train-merror:0.884691
[20]	train-merror:0.884767
[21]	train-merror:0.884302
[22]	train-merror:0.884217
[23]	train-merror:0.884508
[24]	train-merror:0.88434
[25]	train-merror:0.884261
[26]	train-merror:0.883689
[27]	train-merror:0.883322
[28]	train-merror:0.8828
[29]	train-merror:0.883218
[30]	train-merror:0.883344
[31]	train-merror:0.882152
[32]	train-merror:0.882215
[33]	train-merror:0.882159
[34]	train-merror:0.881931
[35]	train-merror:0.881931
[36]	train-merror:0.881741
[37]	train-merror:0.881656
[38]	train-merror:0.881526
[39]	train-merror:0.881447
[40]	train-merror:0.881197
[41]	train-merror:0.881112
[42]	train-merror:0.881144
[43]	train-merror:0.880948
[44]	train-merror:0.880986
[45]	train-merror:0.880742
[46]	train-merror:0.880473
[47]	train-merror:0.880688
[48]	train-merror:0.880761
[49]	train-merror:0.880729
[50]	train-merror:0.880815
[51]	train-merror:0.880533
[52]	train-merror:0.880515
[53]	train-merror:0.880533
[54]	train-merror:0.880315
[55]	train-merror:0.880309
[56]	train-merror:0.880214
[57]	train-merror:0.880116
[58]	train-merror:0.880167
[59]	train-merror:0.880094
[60]	train-merror:0.879942
[61]	train-merror:0.879813
[62]	train-merror:0.879648
[63]	train-merror:0.879708
[64]	train-merror:0.879636
[65]	train-merror:0.879439
[66]	train-merror:0.879575
[67]	train-merror:0.879556
[68]	train-merror:0.879405
[69]	train-merror:0.879503
[70]	train-merror:0.879392
[71]	train-merror:0.879421
[72]	train-merror:0.879386
[73]	train-merror:0.879262
[74]	train-merror:0.879313
[75]	train-merror:0.87919
[76]	train-merror:0.879177
[77]	train-merror:0.879187
[78]	train-merror:0.879073
[79]	train-merror:0.87907
[80]	train-merror:0.878991
[81]	train-merror:0.878826
[82]	train-merror:0.878899
[83]	train-merror:0.878794
[84]	train-merror:0.87882
[85]	train-merror:0.878864
[86]	train-merror:0.878874
[87]	train-merror:0.878902
[88]	train-merror:0.878782
[89]	train-merror:0.878785
[90]	train-merror:0.878813
[91]	train-merror:0.878744
[92]	train-merror:0.878858
[93]	train-merror:0.878715
[94]	train-merror:0.878659
[95]	train-merror:0.878728
[96]	train-merror:0.878507
[97]	train-merror:0.878425
[98]	train-merror:0.878469
[99]	train-merror:0.878462
result {'acc': 0.12007360543314331, 'balanced_acc': 0.10258872886109609, 'logloss': 3.4997851496870376}

3 {'max_depth': 2, 'learning_rate': 0.1, 'objective': 'multi:softprob', 'num_class': 54, 'base_score': 0.5, 'booster': 'gbtree', 'colsample_bylevel': 1, 'colsample_bynode': 1, 'colsample_bytree': 1.0, 'gamma': 0, 'max_delta_step': 0, 'min_child_weight': 1, 'random_state': 0, 'reg_alpha': 0, 'reg_lambda': 1, 'scale_pos_weight': 1, 'seed': 42, 'subsample': 0.4, 'verbosity': 0}
[0]	train-merror:0.892554
[1]	train-merror:0.89166
[2]	train-merror:0.891141
[3]	train-merror:0.891182
[4]	train-merror:0.889908
[5]	train-merror:0.888678
[6]	train-merror:0.889086
[7]	train-merror:0.888438
[8]	train-merror:0.887663
[9]	train-merror:0.887511
[10]	train-merror:0.887129
[11]	train-merror:0.886968
[12]	train-merror:0.887246
[13]	train-merror:0.886095
[14]	train-merror:0.886547
[15]	train-merror:0.886041
[16]	train-merror:0.885709
[17]	train-merror:0.884631
[18]	train-merror:0.885301
[19]	train-merror:0.885029
[20]	train-merror:0.885105
[21]	train-merror:0.884957
[22]	train-merror:0.884644
[23]	train-merror:0.884476
[24]	train-merror:0.884599
[25]	train-merror:0.884176
[26]	train-merror:0.883338
[27]	train-merror:0.883344
[28]	train-merror:0.883502
[29]	train-merror:0.882788
[30]	train-merror:0.882721
[31]	train-merror:0.882595
[32]	train-merror:0.882326
[33]	train-merror:0.882095
[34]	train-merror:0.882019
[35]	train-merror:0.882019
[36]	train-merror:0.882029
[37]	train-merror:0.881937
[38]	train-merror:0.881947
[39]	train-merror:0.881792
[40]	train-merror:0.881577
[41]	train-merror:0.881846
[42]	train-merror:0.881947
[43]	train-merror:0.881994
[44]	train-merror:0.881292
[45]	train-merror:0.881295
[46]	train-merror:0.881302
[47]	train-merror:0.881242
[48]	train-merror:0.881308
[49]	train-merror:0.881514
[50]	train-merror:0.881292
[51]	train-merror:0.881292
[52]	train-merror:0.881248
[53]	train-merror:0.880669
[54]	train-merror:0.880379
[55]	train-merror:0.880265
[56]	train-merror:0.88016
[57]	train-merror:0.880616
[58]	train-merror:0.880518
[59]	train-merror:0.880565
[60]	train-merror:0.880246
[61]	train-merror:0.880183
[62]	train-merror:0.880034
[63]	train-merror:0.880122
[64]	train-merror:0.880151
[65]	train-merror:0.880043
[66]	train-merror:0.880274
[67]	train-merror:0.880116
[68]	train-merror:0.880031
[69]	train-merror:0.88004
[70]	train-merror:0.880018
[71]	train-merror:0.879907
[72]	train-merror:0.879851
[73]	train-merror:0.879711
[74]	train-merror:0.879626
[75]	train-merror:0.879525
[76]	train-merror:0.87949
[77]	train-merror:0.879452
[78]	train-merror:0.879424
[79]	train-merror:0.879341
[80]	train-merror:0.879398
[81]	train-merror:0.879266
[82]	train-merror:0.879266
[83]	train-merror:0.879243
[84]	train-merror:0.879032
[85]	train-merror:0.879047
[86]	train-merror:0.87924
[87]	train-merror:0.879212
[88]	train-merror:0.879187
[89]	train-merror:0.879149
[90]	train-merror:0.879089
[91]	train-merror:0.879142
[92]	train-merror:0.879202
[93]	train-merror:0.879206
[94]	train-merror:0.879149
[95]	train-merror:0.879224
[96]	train-merror:0.879019
[97]	train-merror:0.878943
[98]	train-merror:0.878858
[99]	train-merror:0.878785
result {'acc': 0.12020639874036063, 'balanced_acc': 0.10247802274996883, 'logloss': 3.502326936804726}

4 {'max_depth': 2, 'learning_rate': 0.1, 'objective': 'multi:softprob', 'num_class': 54, 'base_score': 0.5, 'booster': 'gbtree', 'colsample_bylevel': 1, 'colsample_bynode': 1, 'colsample_bytree': 1.0, 'gamma': 0, 'max_delta_step': 0, 'min_child_weight': 1, 'random_state': 0, 'reg_alpha': 0, 'reg_lambda': 1, 'scale_pos_weight': 1, 'seed': 42, 'subsample': 0.5, 'verbosity': 0}
[0]	train-merror:0.892437
[1]	train-merror:0.891909
[2]	train-merror:0.891274
[3]	train-merror:0.891226
[4]	train-merror:0.890417
[5]	train-merror:0.888795
[6]	train-merror:0.888631
[7]	train-merror:0.88871
[8]	train-merror:0.888387
[9]	train-merror:0.887847
[10]	train-merror:0.887372
[11]	train-merror:0.88705
[12]	train-merror:0.886278
[13]	train-merror:0.885772
[14]	train-merror:0.885969
[15]	train-merror:0.885734
[16]	train-merror:0.885725
[17]	train-merror:0.884482
[18]	train-merror:0.884944
[19]	train-merror:0.884897
[20]	train-merror:0.884641
[21]	train-merror:0.884505
[22]	train-merror:0.884365
[23]	train-merror:0.884122
[24]	train-merror:0.88428
[25]	train-merror:0.884416
[26]	train-merror:0.884052
[27]	train-merror:0.884135
[28]	train-merror:0.883916
[29]	train-merror:0.88366
[30]	train-merror:0.883521
[31]	train-merror:0.883588
[32]	train-merror:0.883645
[33]	train-merror:0.883243
[34]	train-merror:0.883458
[35]	train-merror:0.883344
[36]	train-merror:0.882848
[37]	train-merror:0.882393
[38]	train-merror:0.882339
[39]	train-merror:0.882279
[40]	train-merror:0.881909
[41]	train-merror:0.881969
[42]	train-merror:0.881846
[43]	train-merror:0.881868
[44]	train-merror:0.881823
[45]	train-merror:0.881624
[46]	train-merror:0.881776
[47]	train-merror:0.88177
[48]	train-merror:0.881798
[49]	train-merror:0.88152
[50]	train-merror:0.881068
[51]	train-merror:0.881001
[52]	train-merror:0.880802
[53]	train-merror:0.880944
[54]	train-merror:0.880967
[55]	train-merror:0.8806
[56]	train-merror:0.880948
[57]	train-merror:0.880938
[58]	train-merror:0.880695
[59]	train-merror:0.880612
[60]	train-merror:0.880714
[61]	train-merror:0.880606
[62]	train-merror:0.880616
[63]	train-merror:0.880432
[64]	train-merror:0.880464
[65]	train-merror:0.880461
[66]	train-merror:0.880448
[67]	train-merror:0.880385
[68]	train-merror:0.880271
[69]	train-merror:0.880053
[70]	train-merror:0.87974
[71]	train-merror:0.87974
[72]	train-merror:0.879813
[73]	train-merror:0.879708
[74]	train-merror:0.879677
[75]	train-merror:0.879579
[76]	train-merror:0.879702
[77]	train-merror:0.879623
[78]	train-merror:0.87956
[79]	train-merror:0.879598
[80]	train-merror:0.879569
[81]	train-merror:0.879455
[82]	train-merror:0.879269
[83]	train-merror:0.879237
[84]	train-merror:0.879231
[85]	train-merror:0.879202
[86]	train-merror:0.879171
[87]	train-merror:0.879275
[88]	train-merror:0.879199
[89]	train-merror:0.878991
[90]	train-merror:0.879054
[91]	train-merror:0.879028
[92]	train-merror:0.879133
[93]	train-merror:0.879183
[94]	train-merror:0.879117
[95]	train-merror:0.878984
[96]	train-merror:0.879104
[97]	train-merror:0.879073
[98]	train-merror:0.879022
[99]	train-merror:0.879009
result {'acc': 0.1197131664564106, 'balanced_acc': 0.10214584304422576, 'logloss': 3.504513040700152}

5 {'max_depth': 2, 'learning_rate': 0.1, 'objective': 'multi:softprob', 'num_class': 54, 'base_score': 0.5, 'booster': 'gbtree', 'colsample_bylevel': 1, 'colsample_bynode': 1, 'colsample_bytree': 1.0, 'gamma': 0, 'max_delta_step': 0, 'min_child_weight': 1, 'random_state': 0, 'reg_alpha': 0, 'reg_lambda': 1, 'scale_pos_weight': 1, 'seed': 42, 'subsample': 0.6, 'verbosity': 0}
[0]	train-merror:0.892248
[1]	train-merror:0.891824
[2]	train-merror:0.890958
[3]	train-merror:0.891084
[4]	train-merror:0.890389
[5]	train-merror:0.888507
[6]	train-merror:0.888485
[7]	train-merror:0.889083
[8]	train-merror:0.88833
[9]	train-merror:0.887581
[10]	train-merror:0.887334
[11]	train-merror:0.887625
[12]	train-merror:0.887711
[13]	train-merror:0.886746
[14]	train-merror:0.887123
[15]	train-merror:0.886822
[16]	train-merror:0.886487
[17]	train-merror:0.885153
[18]	train-merror:0.885165
[19]	train-merror:0.88477
[20]	train-merror:0.884808
[21]	train-merror:0.884106
[22]	train-merror:0.884236
[23]	train-merror:0.884106
[24]	train-merror:0.884337
[25]	train-merror:0.883942
[26]	train-merror:0.884239
[27]	train-merror:0.88428
[28]	train-merror:0.884356
[29]	train-merror:0.883679
[30]	train-merror:0.883695
[31]	train-merror:0.883347
[32]	train-merror:0.883436
[33]	train-merror:0.88324
[34]	train-merror:0.883237
[35]	train-merror:0.883012
[36]	train-merror:0.882905
[37]	train-merror:0.882977
[38]	train-merror:0.882617
[39]	train-merror:0.882864
[40]	train-merror:0.882683
[41]	train-merror:0.882747
[42]	train-merror:0.882718
[43]	train-merror:0.882649
[44]	train-merror:0.882601
[45]	train-merror:0.882443
[46]	train-merror:0.882241
[47]	train-merror:0.882339
[48]	train-merror:0.881934
[49]	train-merror:0.8817
[50]	train-merror:0.881491
[51]	train-merror:0.881548
[52]	train-merror:0.8814
[53]	train-merror:0.881185
[54]	train-merror:0.880982
[55]	train-merror:0.880929
[56]	train-merror:0.880673
[57]	train-merror:0.880571
[58]	train-merror:0.880688
[59]	train-merror:0.880464
[60]	train-merror:0.880435
[61]	train-merror:0.880331
[62]	train-merror:0.880369
[63]	train-merror:0.880391
[64]	train-merror:0.880227
[65]	train-merror:0.880075
[66]	train-merror:0.880138
[67]	train-merror:0.880145
[68]	train-merror:0.87992
[69]	train-merror:0.880024
[70]	train-merror:0.880012
[71]	train-merror:0.879844
[72]	train-merror:0.879797
[73]	train-merror:0.879569
[74]	train-merror:0.879882
[75]	train-merror:0.879809
[76]	train-merror:0.879677
[77]	train-merror:0.879857
[78]	train-merror:0.879651
[79]	train-merror:0.879715
[80]	train-merror:0.879645
[81]	train-merror:0.879379
[82]	train-merror:0.879414
[83]	train-merror:0.879338
[84]	train-merror:0.879259
[85]	train-merror:0.879341
[86]	train-merror:0.879329
[87]	train-merror:0.879417
[88]	train-merror:0.879386
[89]	train-merror:0.879228
[90]	train-merror:0.879177
[91]	train-merror:0.879079
[92]	train-merror:0.879101
[93]	train-merror:0.878997
[94]	train-merror:0.879035
[95]	train-merror:0.879079
[96]	train-merror:0.879003
[97]	train-merror:0.879123
[98]	train-merror:0.879051
[99]	train-merror:0.878927
result {'acc': 0.11979853358247887, 'balanced_acc': 0.10252772333222238, 'logloss': 3.5059717026263986}

6 {'max_depth': 2, 'learning_rate': 0.1, 'objective': 'multi:softprob', 'num_class': 54, 'base_score': 0.5, 'booster': 'gbtree', 'colsample_bylevel': 1, 'colsample_bynode': 1, 'colsample_bytree': 1.0, 'gamma': 0, 'max_delta_step': 0, 'min_child_weight': 1, 'random_state': 0, 'reg_alpha': 0, 'reg_lambda': 1, 'scale_pos_weight': 1, 'seed': 42, 'subsample': 0.7, 'verbosity': 0}
[0]	train-merror:0.892586
[1]	train-merror:0.891742
[2]	train-merror:0.890793
[3]	train-merror:0.891195
[4]	train-merror:0.889854
[5]	train-merror:0.888558
[6]	train-merror:0.88828
[7]	train-merror:0.888628
[8]	train-merror:0.888333
[9]	train-merror:0.888375
[10]	train-merror:0.888296
[11]	train-merror:0.887834
[12]	train-merror:0.887221
[13]	train-merror:0.886234
[14]	train-merror:0.886493
[15]	train-merror:0.886512
[16]	train-merror:0.885716
[17]	train-merror:0.885102
[18]	train-merror:0.884482
[19]	train-merror:0.884264
[20]	train-merror:0.884286
[21]	train-merror:0.883812
[22]	train-merror:0.884027
[23]	train-merror:0.883762
[24]	train-merror:0.883936
[25]	train-merror:0.883702
[26]	train-merror:0.884005
[27]	train-merror:0.883328
[28]	train-merror:0.883234
[29]	train-merror:0.883025
[30]	train-merror:0.883199
[31]	train-merror:0.883199
[32]	train-merror:0.883132
[33]	train-merror:0.882472
[34]	train-merror:0.882965
[35]	train-merror:0.882374
[36]	train-merror:0.88213
[37]	train-merror:0.882108
[38]	train-merror:0.881928
[39]	train-merror:0.881798
[40]	train-merror:0.881719
[41]	train-merror:0.881656
[42]	train-merror:0.881684
[43]	train-merror:0.881706
[44]	train-merror:0.88151
[45]	train-merror:0.881457
[46]	train-merror:0.881365
[47]	train-merror:0.881302
[48]	train-merror:0.881011
[49]	train-merror:0.880793
[50]	train-merror:0.880777
[51]	train-merror:0.880805
[52]	train-merror:0.880587
[53]	train-merror:0.880587
[54]	train-merror:0.880401
[55]	train-merror:0.880397
[56]	train-merror:0.880477
[57]	train-merror:0.880375
[58]	train-merror:0.880356
[59]	train-merror:0.880243
[60]	train-merror:0.880303
[61]	train-merror:0.88023
[62]	train-merror:0.880195
[63]	train-merror:0.879901
[64]	train-merror:0.879961
[65]	train-merror:0.880141
[66]	train-merror:0.879939
[67]	train-merror:0.879986
[68]	train-merror:0.879949
[69]	train-merror:0.87999
[70]	train-merror:0.87986
[71]	train-merror:0.879689
[72]	train-merror:0.879582
[73]	train-merror:0.879613
[74]	train-merror:0.87973
[75]	train-merror:0.87973
[76]	train-merror:0.879661
[77]	train-merror:0.879512
[78]	train-merror:0.879658
[79]	train-merror:0.87968
[80]	train-merror:0.879579
[81]	train-merror:0.879509
[82]	train-merror:0.879424
[83]	train-merror:0.879427
[84]	train-merror:0.879462
[85]	train-merror:0.879383
[86]	train-merror:0.879335
[87]	train-merror:0.879395
[88]	train-merror:0.879531
[89]	train-merror:0.879392
[90]	train-merror:0.879335
[91]	train-merror:0.879326
[92]	train-merror:0.879323
[93]	train-merror:0.879028
[94]	train-merror:0.879256
[95]	train-merror:0.879319
[96]	train-merror:0.879209
[97]	train-merror:0.879212
[98]	train-merror:0.87913
[99]	train-merror:0.879089
result {'acc': 0.11958985838542309, 'balanced_acc': 0.10233018708968478, 'logloss': 3.507803793377773}

7 {'max_depth': 2, 'learning_rate': 0.1, 'objective': 'multi:softprob', 'num_class': 54, 'base_score': 0.5, 'booster': 'gbtree', 'colsample_bylevel': 1, 'colsample_bynode': 1, 'colsample_bytree': 1.0, 'gamma': 0, 'max_delta_step': 0, 'min_child_weight': 1, 'random_state': 0, 'reg_alpha': 0, 'reg_lambda': 1, 'scale_pos_weight': 1, 'seed': 42, 'subsample': 0.8, 'verbosity': 0}
[0]	train-merror:0.892327
[1]	train-merror:0.892428
[2]	train-merror:0.891568
[3]	train-merror:0.890841
[4]	train-merror:0.890563
[5]	train-merror:0.889295
[6]	train-merror:0.889045
[7]	train-merror:0.889118
[8]	train-merror:0.888716
[9]	train-merror:0.888119
[10]	train-merror:0.887369
[11]	train-merror:0.88741
[12]	train-merror:0.88723
[13]	train-merror:0.886541
[14]	train-merror:0.886642
[15]	train-merror:0.886348
[16]	train-merror:0.886019
[17]	train-merror:0.885267
[18]	train-merror:0.885178
[19]	train-merror:0.884584
[20]	train-merror:0.884675
[21]	train-merror:0.884501
[22]	train-merror:0.884407
[23]	train-merror:0.884151
[24]	train-merror:0.884204
[25]	train-merror:0.884128
[26]	train-merror:0.883793
[27]	train-merror:0.88379
[28]	train-merror:0.883831
[29]	train-merror:0.883869
[30]	train-merror:0.883869
[31]	train-merror:0.883727
[32]	train-merror:0.88343
[33]	train-merror:0.883208
[34]	train-merror:0.882873
[35]	train-merror:0.882642
[36]	train-merror:0.882661
[37]	train-merror:0.882396
[38]	train-merror:0.882124
[39]	train-merror:0.882171
[40]	train-merror:0.882234
[41]	train-merror:0.882361
[42]	train-merror:0.882209
[43]	train-merror:0.882007
[44]	train-merror:0.882042
[45]	train-merror:0.881789
[46]	train-merror:0.881817
[47]	train-merror:0.881577
[48]	train-merror:0.881482
[49]	train-merror:0.881305
[50]	train-merror:0.881359
[51]	train-merror:0.881454
[52]	train-merror:0.881216
[53]	train-merror:0.880932
[54]	train-merror:0.881036
[55]	train-merror:0.880891
[56]	train-merror:0.881068
[57]	train-merror:0.880986
[58]	train-merror:0.88108
[59]	train-merror:0.880888
[60]	train-merror:0.880878
[61]	train-merror:0.880641
[62]	train-merror:0.880654
[63]	train-merror:0.880227
[64]	train-merror:0.880097
[65]	train-merror:0.880189
[66]	train-merror:0.880192
[67]	train-merror:0.880107
[68]	train-merror:0.880021
[69]	train-merror:0.880075
[70]	train-merror:0.880148
[71]	train-merror:0.879977
[72]	train-merror:0.879809
[73]	train-merror:0.879885
[74]	train-merror:0.879923
[75]	train-merror:0.879553
[76]	train-merror:0.87968
[77]	train-merror:0.879579
[78]	train-merror:0.879604
[79]	train-merror:0.87956
[80]	train-merror:0.879496
[81]	train-merror:0.879376
[82]	train-merror:0.879465
[83]	train-merror:0.879319
[84]	train-merror:0.879373
[85]	train-merror:0.879474
[86]	train-merror:0.879338
[87]	train-merror:0.879332
[88]	train-merror:0.879275
[89]	train-merror:0.87931
[90]	train-merror:0.879259
[91]	train-merror:0.879104
[92]	train-merror:0.879066
[93]	train-merror:0.879111
[94]	train-merror:0.879073
[95]	train-merror:0.879003
[96]	train-merror:0.878997
[97]	train-merror:0.879063
[98]	train-merror:0.879063
[99]	train-merror:0.879051
result {'acc': 0.11975110740132983, 'balanced_acc': 0.10212769147636917, 'logloss': 3.5095972094190957}

8 {'max_depth': 2, 'learning_rate': 0.1, 'objective': 'multi:softprob', 'num_class': 54, 'base_score': 0.5, 'booster': 'gbtree', 'colsample_bylevel': 1, 'colsample_bynode': 1, 'colsample_bytree': 1.0, 'gamma': 0, 'max_delta_step': 0, 'min_child_weight': 1, 'random_state': 0, 'reg_alpha': 0, 'reg_lambda': 1, 'scale_pos_weight': 1, 'seed': 42, 'subsample': 0.9, 'verbosity': 0}
[0]	train-merror:0.892608
[1]	train-merror:0.891783
[2]	train-merror:0.891524
[3]	train-merror:0.890999
[4]	train-merror:0.890452
[5]	train-merror:0.88908
[6]	train-merror:0.888504
[7]	train-merror:0.888523
[8]	train-merror:0.888463
[9]	train-merror:0.888741
[10]	train-merror:0.888106
[11]	train-merror:0.887499
[12]	train-merror:0.887508
[13]	train-merror:0.887603
[14]	train-merror:0.887575
[15]	train-merror:0.886146
[16]	train-merror:0.885659
[17]	train-merror:0.885956
[18]	train-merror:0.885475
[19]	train-merror:0.884954
[20]	train-merror:0.884641
[21]	train-merror:0.884555
[22]	train-merror:0.884716
[23]	train-merror:0.884388
[24]	train-merror:0.884467
[25]	train-merror:0.884479
[26]	train-merror:0.884476
[27]	train-merror:0.884071
[28]	train-merror:0.883891
[29]	train-merror:0.884198
[30]	train-merror:0.884109
[31]	train-merror:0.883657
[32]	train-merror:0.883594
[33]	train-merror:0.88293
[34]	train-merror:0.882908
[35]	train-merror:0.883066
[36]	train-merror:0.883075
[37]	train-merror:0.882554
[38]	train-merror:0.88207
[39]	train-merror:0.882541
[40]	train-merror:0.882285
[41]	train-merror:0.882396
[42]	train-merror:0.882171
[43]	train-merror:0.882114
[44]	train-merror:0.881975
[45]	train-merror:0.881874
[46]	train-merror:0.881956
[47]	train-merror:0.881703
[48]	train-merror:0.881552
[49]	train-merror:0.881533
[50]	train-merror:0.881548
[51]	train-merror:0.881324
[52]	train-merror:0.881188
[53]	train-merror:0.881055
[54]	train-merror:0.880764
[55]	train-merror:0.880578
[56]	train-merror:0.880603
[57]	train-merror:0.880916
[58]	train-merror:0.880922
[59]	train-merror:0.880303
[60]	train-merror:0.880426
[61]	train-merror:0.880312
[62]	train-merror:0.88053
[63]	train-merror:0.880537
[64]	train-merror:0.880334
[65]	train-merror:0.880328
[66]	train-merror:0.880233
[67]	train-merror:0.880183
[68]	train-merror:0.880252
[69]	train-merror:0.879974
[70]	train-merror:0.879986
[71]	train-merror:0.879809
[72]	train-merror:0.880047
[73]	train-merror:0.880122
[74]	train-merror:0.880103
[75]	train-merror:0.880088
[76]	train-merror:0.879955
[77]	train-merror:0.879949
[78]	train-merror:0.87999
[79]	train-merror:0.879983
[80]	train-merror:0.879724
[81]	train-merror:0.87962
[82]	train-merror:0.879651
[83]	train-merror:0.879904
[84]	train-merror:0.879575
[85]	train-merror:0.879737
[86]	train-merror:0.879686
[87]	train-merror:0.879819
[88]	train-merror:0.879914
[89]	train-merror:0.879756
[90]	train-merror:0.879645
[91]	train-merror:0.879689
[92]	train-merror:0.879683
[93]	train-merror:0.879642
[94]	train-merror:0.879547
[95]	train-merror:0.879572
[96]	train-merror:0.879285
[97]	train-merror:0.879259
[98]	train-merror:0.879262
[99]	train-merror:0.879196
result {'acc': 0.11975110740132983, 'balanced_acc': 0.10208399869028718, 'logloss': 3.5113037477492988}

9 {'max_depth': 2, 'learning_rate': 0.1, 'objective': 'multi:softprob', 'num_class': 54, 'base_score': 0.5, 'booster': 'gbtree', 'colsample_bylevel': 1, 'colsample_bynode': 1, 'colsample_bytree': 1.0, 'gamma': 0, 'max_delta_step': 0, 'min_child_weight': 1, 'random_state': 0, 'reg_alpha': 0, 'reg_lambda': 1, 'scale_pos_weight': 1, 'seed': 42, 'subsample': 1, 'verbosity': 0}
[0]	train-merror:0.892355
[1]	train-merror:0.89197
[2]	train-merror:0.891021
[3]	train-merror:0.890885
[4]	train-merror:0.891141
[5]	train-merror:0.890376
[6]	train-merror:0.88888
[7]	train-merror:0.888457
[8]	train-merror:0.888296
[9]	train-merror:0.88822
[10]	train-merror:0.887559
[11]	train-merror:0.888058
[12]	train-merror:0.887847
[13]	train-merror:0.886636
[14]	train-merror:0.886199
[15]	train-merror:0.885772
[16]	train-merror:0.885791
[17]	train-merror:0.885523
[18]	train-merror:0.88539
[19]	train-merror:0.885162
[20]	train-merror:0.8849
[21]	train-merror:0.885055
[22]	train-merror:0.884682
[23]	train-merror:0.884552
[24]	train-merror:0.884432
[25]	train-merror:0.884214
[26]	train-merror:0.884084
[27]	train-merror:0.883901
[28]	train-merror:0.883553
[29]	train-merror:0.883619
[30]	train-merror:0.883477
[31]	train-merror:0.883297
[32]	train-merror:0.883332
[33]	train-merror:0.883158
[34]	train-merror:0.883136
[35]	train-merror:0.883278
[36]	train-merror:0.883265
[37]	train-merror:0.882971
[38]	train-merror:0.882706
[39]	train-merror:0.882642
[40]	train-merror:0.882503
[41]	train-merror:0.882709
[42]	train-merror:0.882506
[43]	train-merror:0.882377
[44]	train-merror:0.88214
[45]	train-merror:0.882127
[46]	train-merror:0.882295
[47]	train-merror:0.882118
[48]	train-merror:0.881865
[49]	train-merror:0.881599
[50]	train-merror:0.881631
[51]	train-merror:0.881454
[52]	train-merror:0.88133
[53]	train-merror:0.881349
[54]	train-merror:0.881169
[55]	train-merror:0.880913
[56]	train-merror:0.880865
[57]	train-merror:0.880783
[58]	train-merror:0.880929
[59]	train-merror:0.881046
[60]	train-merror:0.880967
[61]	train-merror:0.880799
[62]	train-merror:0.880869
[63]	train-merror:0.880666
[64]	train-merror:0.880673
[65]	train-merror:0.880647
[66]	train-merror:0.880729
[67]	train-merror:0.880594
[68]	train-merror:0.88041
[69]	train-merror:0.880372
[70]	train-merror:0.880066
[71]	train-merror:0.88028
[72]	train-merror:0.880005
[73]	train-merror:0.880274
[74]	train-merror:0.880002
[75]	train-merror:0.879958
[76]	train-merror:0.879749
[77]	train-merror:0.879806
[78]	train-merror:0.879775
[79]	train-merror:0.879737
[80]	train-merror:0.879718
[81]	train-merror:0.879661
[82]	train-merror:0.879661
[83]	train-merror:0.879594
[84]	train-merror:0.879692
[85]	train-merror:0.879715
[86]	train-merror:0.879626
[87]	train-merror:0.87962
[88]	train-merror:0.879626
[89]	train-merror:0.87962
[90]	train-merror:0.879632
[91]	train-merror:0.879604
[92]	train-merror:0.879569
[93]	train-merror:0.87962
[94]	train-merror:0.879648
[95]	train-merror:0.879623
[96]	train-merror:0.879531
[97]	train-merror:0.879556
[98]	train-merror:0.879522
[99]	train-merror:0.879519
result {'acc': 0.1197131664564106, 'balanced_acc': 0.10228208224349761, 'logloss': 3.514351655221542}

10 {'max_depth': 3, 'learning_rate': 0.1, 'objective': 'multi:softprob', 'num_class': 54, 'base_score': 0.5, 'booster': 'gbtree', 'colsample_bylevel': 1, 'colsample_bynode': 1, 'colsample_bytree': 1.0, 'gamma': 0, 'max_delta_step': 0, 'min_child_weight': 1, 'random_state': 0, 'reg_alpha': 0, 'reg_lambda': 1, 'scale_pos_weight': 1, 'seed': 42, 'subsample': 0.1, 'verbosity': 0}
[0]	train-merror:0.892039
[1]	train-merror:0.888991
[2]	train-merror:0.886626
[3]	train-merror:0.885924
[4]	train-merror:0.885618
[5]	train-merror:0.885159
[6]	train-merror:0.884906
[7]	train-merror:0.884637
[8]	train-merror:0.883894
[9]	train-merror:0.883325
[10]	train-merror:0.883192
[11]	train-merror:0.883376
[12]	train-merror:0.883006
[13]	train-merror:0.88268
[14]	train-merror:0.882699
[15]	train-merror:0.881959
[16]	train-merror:0.881763
[17]	train-merror:0.881207
[18]	train-merror:0.881084
[19]	train-merror:0.880328
[20]	train-merror:0.880407
[21]	train-merror:0.879933
[22]	train-merror:0.880002
[23]	train-merror:0.879806
[24]	train-merror:0.879945
[25]	train-merror:0.879784
[26]	train-merror:0.879452
[27]	train-merror:0.879272
[28]	train-merror:0.879139
[29]	train-merror:0.879316
[30]	train-merror:0.878965
[31]	train-merror:0.878896
[32]	train-merror:0.878972
[33]	train-merror:0.878801
[34]	train-merror:0.878687
[35]	train-merror:0.878513
[36]	train-merror:0.878494
[37]	train-merror:0.878444
[38]	train-merror:0.878494
[39]	train-merror:0.878368
[40]	train-merror:0.878036
[41]	train-merror:0.877795
[42]	train-merror:0.877713
[43]	train-merror:0.877596
[44]	train-merror:0.877454
[45]	train-merror:0.877277
[46]	train-merror:0.877267
[47]	train-merror:0.877359
[48]	train-merror:0.877289
[49]	train-merror:0.877217
[50]	train-merror:0.877191
[51]	train-merror:0.877261
[52]	train-merror:0.877122
[53]	train-merror:0.876771
[54]	train-merror:0.876961
[55]	train-merror:0.877005
[56]	train-merror:0.877018
[57]	train-merror:0.876999
[58]	train-merror:0.876894
[59]	train-merror:0.876765
[60]	train-merror:0.876657
[61]	train-merror:0.876613
[62]	train-merror:0.876524
[63]	train-merror:0.876249
[64]	train-merror:0.87654
[65]	train-merror:0.876129
[66]	train-merror:0.876303
[67]	train-merror:0.876464
[68]	train-merror:0.876382
[69]	train-merror:0.876686
[70]	train-merror:0.876588
[71]	train-merror:0.876518
[72]	train-merror:0.876493
[73]	train-merror:0.876436
[74]	train-merror:0.876543
[75]	train-merror:0.876306
[76]	train-merror:0.876218
[77]	train-merror:0.87593
[78]	train-merror:0.87592
[79]	train-merror:0.875996
[80]	train-merror:0.875996
[81]	train-merror:0.875876
[82]	train-merror:0.876117
[83]	train-merror:0.876113
[84]	train-merror:0.876072
[85]	train-merror:0.875864
[86]	train-merror:0.875895
[87]	train-merror:0.875883
[88]	train-merror:0.8758
[89]	train-merror:0.875879
[90]	train-merror:0.875756
[91]	train-merror:0.875715
[92]	train-merror:0.875579
[93]	train-merror:0.875576
[94]	train-merror:0.875528
[95]	train-merror:0.875607
[96]	train-merror:0.875604
[97]	train-merror:0.875544
[98]	train-merror:0.875475
[99]	train-merror:0.875459
result {'acc': 0.12198013791533478, 'balanced_acc': 0.10428031423290368, 'logloss': 3.4592397290498176}

11 {'max_depth': 3, 'learning_rate': 0.1, 'objective': 'multi:softprob', 'num_class': 54, 'base_score': 0.5, 'booster': 'gbtree', 'colsample_bylevel': 1, 'colsample_bynode': 1, 'colsample_bytree': 1.0, 'gamma': 0, 'max_delta_step': 0, 'min_child_weight': 1, 'random_state': 0, 'reg_alpha': 0, 'reg_lambda': 1, 'scale_pos_weight': 1, 'seed': 42, 'subsample': 0.2, 'verbosity': 0}
[0]	train-merror:0.88914
[1]	train-merror:0.887543
[2]	train-merror:0.885738
[3]	train-merror:0.884988
[4]	train-merror:0.884312
[5]	train-merror:0.883879
[6]	train-merror:0.883898
[7]	train-merror:0.884166
[8]	train-merror:0.883272
[9]	train-merror:0.883281
[10]	train-merror:0.882661
[11]	train-merror:0.882519
[12]	train-merror:0.882228
[13]	train-merror:0.881507
[14]	train-merror:0.881308
[15]	train-merror:0.880859
[16]	train-merror:0.88059
[17]	train-merror:0.880518
[18]	train-merror:0.880201
[19]	train-merror:0.87999
[20]	train-merror:0.87974
[21]	train-merror:0.879607
[22]	train-merror:0.879556
[23]	train-merror:0.878956
[24]	train-merror:0.87919
[25]	train-merror:0.878858
[26]	train-merror:0.878763
[27]	train-merror:0.878817
[28]	train-merror:0.87864
[29]	train-merror:0.87839
[30]	train-merror:0.87815
[31]	train-merror:0.877969
[32]	train-merror:0.878055
[33]	train-merror:0.878153
[34]	train-merror:0.877659
[35]	train-merror:0.877599
[36]	train-merror:0.877467
[37]	train-merror:0.877757
[38]	train-merror:0.87772
[39]	train-merror:0.877786
[40]	train-merror:0.877653
[41]	train-merror:0.878137
[42]	train-merror:0.877991
[43]	train-merror:0.877811
[44]	train-merror:0.877593
[45]	train-merror:0.877441
[46]	train-merror:0.877425
[47]	train-merror:0.877451
[48]	train-merror:0.87716
[49]	train-merror:0.876986
[50]	train-merror:0.877188
[51]	train-merror:0.87715
[52]	train-merror:0.877334
[53]	train-merror:0.877293
[54]	train-merror:0.877157
[55]	train-merror:0.877059
[56]	train-merror:0.877052
[57]	train-merror:0.876686
[58]	train-merror:0.876689
[59]	train-merror:0.876828
[60]	train-merror:0.876607
[61]	train-merror:0.876322
[62]	train-merror:0.876429
[63]	train-merror:0.87636
[64]	train-merror:0.876252
[65]	train-merror:0.876309
[66]	train-merror:0.87629
[67]	train-merror:0.876139
[68]	train-merror:0.876211
[69]	train-merror:0.876066
[70]	train-merror:0.876044
[71]	train-merror:0.876088
[72]	train-merror:0.87593
[73]	train-merror:0.876101
[74]	train-merror:0.876009
[75]	train-merror:0.876069
[76]	train-merror:0.876018
[77]	train-merror:0.875949
[78]	train-merror:0.875965
[79]	train-merror:0.875683
[80]	train-merror:0.875494
[81]	train-merror:0.875468
[82]	train-merror:0.875342
[83]	train-merror:0.875367
[84]	train-merror:0.875377
[85]	train-merror:0.875323
[86]	train-merror:0.875437
[87]	train-merror:0.875411
[88]	train-merror:0.875421
[89]	train-merror:0.875408
[90]	train-merror:0.87526
[91]	train-merror:0.875193
[92]	train-merror:0.875133
[93]	train-merror:0.875203
[94]	train-merror:0.875136
[95]	train-merror:0.875127
[96]	train-merror:0.875114
[97]	train-merror:0.875098
[98]	train-merror:0.875
[99]	train-merror:0.875041
result {'acc': 0.12239748830944634, 'balanced_acc': 0.10403003694682071, 'logloss': 3.462880031462945}

12 {'max_depth': 3, 'learning_rate': 0.1, 'objective': 'multi:softprob', 'num_class': 54, 'base_score': 0.5, 'booster': 'gbtree', 'colsample_bylevel': 1, 'colsample_bynode': 1, 'colsample_bytree': 1.0, 'gamma': 0, 'max_delta_step': 0, 'min_child_weight': 1, 'random_state': 0, 'reg_alpha': 0, 'reg_lambda': 1, 'scale_pos_weight': 1, 'seed': 42, 'subsample': 0.3, 'verbosity': 0}
[0]	train-merror:0.888352
[1]	train-merror:0.886247
[2]	train-merror:0.885422
[3]	train-merror:0.88465
[4]	train-merror:0.884495
[5]	train-merror:0.884856
[6]	train-merror:0.884144
[7]	train-merror:0.883442
[8]	train-merror:0.883401
[9]	train-merror:0.883344
[10]	train-merror:0.882706
[11]	train-merror:0.882276
[12]	train-merror:0.882045
[13]	train-merror:0.881229
[14]	train-merror:0.88078
[15]	train-merror:0.880397
[16]	train-merror:0.880318
[17]	train-merror:0.880363
[18]	train-merror:0.880138
[19]	train-merror:0.879968
[20]	train-merror:0.880056
[21]	train-merror:0.879999
[22]	train-merror:0.879832
[23]	train-merror:0.879468
[24]	train-merror:0.879487
[25]	train-merror:0.879262
[26]	train-merror:0.879585
[27]	train-merror:0.879421
[28]	train-merror:0.879155
[29]	train-merror:0.879168
[30]	train-merror:0.879022
[31]	train-merror:0.878715
[32]	train-merror:0.878722
[33]	train-merror:0.878557
[34]	train-merror:0.878532
[35]	train-merror:0.878064
[36]	train-merror:0.877947
[37]	train-merror:0.878244
[38]	train-merror:0.878383
[39]	train-merror:0.878206
[40]	train-merror:0.878238
[41]	train-merror:0.878077
[42]	train-merror:0.878089
[43]	train-merror:0.878017
[44]	train-merror:0.877723
[45]	train-merror:0.877615
[46]	train-merror:0.877375
[47]	train-merror:0.877109
[48]	train-merror:0.877074
[49]	train-merror:0.876954
[50]	train-merror:0.876954
[51]	train-merror:0.87716
[52]	train-merror:0.877043
[53]	train-merror:0.877021
[54]	train-merror:0.876679
[55]	train-merror:0.876572
[56]	train-merror:0.876607
[57]	train-merror:0.87661
[58]	train-merror:0.876556
[59]	train-merror:0.876496
[60]	train-merror:0.876439
[61]	train-merror:0.87624
[62]	train-merror:0.876252
[63]	train-merror:0.87624
[64]	train-merror:0.876069
[65]	train-merror:0.876091
[66]	train-merror:0.876044
[67]	train-merror:0.876041
[68]	train-merror:0.875898
[69]	train-merror:0.875883
[70]	train-merror:0.875933
[71]	train-merror:0.875819
[72]	train-merror:0.875949
[73]	train-merror:0.875939
[74]	train-merror:0.875803
[75]	train-merror:0.875822
[76]	train-merror:0.875658
[77]	train-merror:0.87568
[78]	train-merror:0.875724
[79]	train-merror:0.875731
[80]	train-merror:0.875617
[81]	train-merror:0.875551
[82]	train-merror:0.875446
[83]	train-merror:0.875358
[84]	train-merror:0.875361
[85]	train-merror:0.875285
[86]	train-merror:0.87537
[87]	train-merror:0.875209
[88]	train-merror:0.875177
[89]	train-merror:0.875114
[90]	train-merror:0.875247
[91]	train-merror:0.875181
[92]	train-merror:0.875196
[93]	train-merror:0.875209
[94]	train-merror:0.875244
[95]	train-merror:0.875177
[96]	train-merror:0.875288
[97]	train-merror:0.875263
[98]	train-merror:0.875225
[99]	train-merror:0.875238
result {'acc': 0.12227418023845883, 'balanced_acc': 0.10429155699004916, 'logloss': 3.465726248270679}

13 {'max_depth': 3, 'learning_rate': 0.1, 'objective': 'multi:softprob', 'num_class': 54, 'base_score': 0.5, 'booster': 'gbtree', 'colsample_bylevel': 1, 'colsample_bynode': 1, 'colsample_bytree': 1.0, 'gamma': 0, 'max_delta_step': 0, 'min_child_weight': 1, 'random_state': 0, 'reg_alpha': 0, 'reg_lambda': 1, 'scale_pos_weight': 1, 'seed': 42, 'subsample': 0.4, 'verbosity': 0}
[0]	train-merror:0.887828
[1]	train-merror:0.886987
[2]	train-merror:0.886383
[3]	train-merror:0.88587
[4]	train-merror:0.884833
[5]	train-merror:0.884916
[6]	train-merror:0.884647
[7]	train-merror:0.884321
[8]	train-merror:0.883651
[9]	train-merror:0.882389
[10]	train-merror:0.881283
[11]	train-merror:0.88194
[12]	train-merror:0.881615
[13]	train-merror:0.881204
[14]	train-merror:0.881141
[15]	train-merror:0.880799
[16]	train-merror:0.88066
[17]	train-merror:0.880502
[18]	train-merror:0.880224
[19]	train-merror:0.880088
[20]	train-merror:0.880053
[21]	train-merror:0.880132
[22]	train-merror:0.879847
[23]	train-merror:0.880103
[24]	train-merror:0.880126
[25]	train-merror:0.879658
[26]	train-merror:0.879528
[27]	train-merror:0.87973
[28]	train-merror:0.879215
[29]	train-merror:0.879196
[30]	train-merror:0.87912
[31]	train-merror:0.879123
[32]	train-merror:0.879063
[33]	train-merror:0.879032
[34]	train-merror:0.878646
[35]	train-merror:0.878311
[36]	train-merror:0.878425
[37]	train-merror:0.878387
[38]	train-merror:0.878266
[39]	train-merror:0.87815
[40]	train-merror:0.87814
[41]	train-merror:0.878029
[42]	train-merror:0.877906
[43]	train-merror:0.8779
[44]	train-merror:0.877849
[45]	train-merror:0.877808
[46]	train-merror:0.877716
[47]	train-merror:0.877688
[48]	train-merror:0.877663
[49]	train-merror:0.877504
[50]	train-merror:0.87728
[51]	train-merror:0.877093
[52]	train-merror:0.876986
[53]	train-merror:0.876983
[54]	train-merror:0.876856
[55]	train-merror:0.876866
[57]	train-merror:0.876578
[58]	train-merror:0.876619
[59]	train-merror:0.876467
[60]	train-merror:0.87667
[61]	train-merror:0.876733
[62]	train-merror:0.876591
[47]	train-merror:0.874912
[48]	train-merror:0.874893
[49]	train-merror:0.874852
[50]	train-merror:0.87483
[51]	train-merror:0.87476

