    0 {'max_depth': 3, 'learning_rate': 0.01, 'objective': 'multi:softprob', 'num_class': 54, 'base_score': 0.5, 'booster': 'gbtree', 'colsample_bylevel': 0.1, 'colsample_bynode': 1, 'colsample_bytree': 0.1, 'gamma': 0, 'max_delta_step': 0, 'min_child_weight': 1, 'random_state': 0, 'reg_alpha': 0, 'reg_lambda': 1, 'scale_pos_weight': 1, 'seed': 42, 'subsample': 0.1, 'verbosity': 0} num_round,  10
    [0]	train-merror:0.965145
    [1]	train-merror:0.95835
    [2]	train-merror:0.954974
    [3]	train-merror:0.95523
    [4]	train-merror:0.949953
    [5]	train-merror:0.95024
    [6]	train-merror:0.949725
    [7]	train-merror:0.951407
    [8]	train-merror:0.944828
    [9]	train-merror:0.947237
    result {'acc': 0.050964174262760016, 'balanced_acc': 0.03684609209838398, 'logloss': 3.9766314117097132, 'walltime': 22.023615, 'karea': 0.6426400363389939}
    
    1 {'max_depth': 3, 'learning_rate': 0.01, 'objective': 'multi:softprob', 'num_class': 54, 'base_score': 0.5, 'booster': 'gbtree', 'colsample_bylevel': 0.1, 'colsample_bynode': 1, 'colsample_bytree': 0.1, 'gamma': 0, 'max_delta_step': 0, 'min_child_weight': 1, 'random_state': 0, 'reg_alpha': 0, 'reg_lambda': 1, 'scale_pos_weight': 1, 'seed': 42, 'subsample': 0.1, 'verbosity': 0} num_round,  20
    [0]	train-merror:0.965145
    [1]	train-merror:0.95835
    [2]	train-merror:0.954974
    [3]	train-merror:0.95523
    [4]	train-merror:0.949953
    [5]	train-merror:0.95024
    [6]	train-merror:0.949725
    [7]	train-merror:0.951407
    [8]	train-merror:0.944828
    [9]	train-merror:0.947237
    [10]	train-merror:0.945978
    [11]	train-merror:0.947689
    [12]	train-merror:0.946766
    [13]	train-merror:0.942643
    [14]	train-merror:0.943016
    [15]	train-merror:0.939339
    [16]	train-merror:0.940512
    [17]	train-merror:0.940977
    [18]	train-merror:0.941799
    [19]	train-merror:0.943098
    result {'acc': 0.055649880960285315, 'balanced_acc': 0.03922801506122463, 'logloss': 3.9639876704063286, 'walltime': 44.816075, 'karea': 0.6473522665674581}
    
    2 {'max_depth': 3, 'learning_rate': 0.01, 'objective': 'multi:softprob', 'num_class': 54, 'base_score': 0.5, 'booster': 'gbtree', 'colsample_bylevel': 0.1, 'colsample_bynode': 1, 'colsample_bytree': 0.1, 'gamma': 0, 'max_delta_step': 0, 'min_child_weight': 1, 'random_state': 0, 'reg_alpha': 0, 'reg_lambda': 1, 'scale_pos_weight': 1, 'seed': 42, 'subsample': 0.1, 'verbosity': 0} num_round,  40
    [0]	train-merror:0.965145
    [1]	train-merror:0.95835
    [2]	train-merror:0.954974
    [3]	train-merror:0.95523
    [4]	train-merror:0.949953
    [5]	train-merror:0.95024
    [6]	train-merror:0.949725
    [7]	train-merror:0.951407
    [8]	train-merror:0.944828
    [9]	train-merror:0.947237
    [10]	train-merror:0.945978
    [11]	train-merror:0.947689
    [12]	train-merror:0.946766
    [13]	train-merror:0.942643
    [14]	train-merror:0.943016
    [15]	train-merror:0.939339
    [16]	train-merror:0.940512
    [17]	train-merror:0.940977
    [18]	train-merror:0.941799
    [19]	train-merror:0.943098
    [20]	train-merror:0.946184
    [21]	train-merror:0.946269
    [22]	train-merror:0.94675
    [23]	train-merror:0.947268
    [24]	train-merror:0.947044
    [25]	train-merror:0.947025
    [26]	train-merror:0.94712
    [27]	train-merror:0.94785
    [28]	train-merror:0.949589
    [29]	train-merror:0.951511
    [30]	train-merror:0.952476
    [31]	train-merror:0.95474
    [32]	train-merror:0.954993
    [33]	train-merror:0.953693
    [34]	train-merror:0.954531
    [35]	train-merror:0.954812
    [36]	train-merror:0.955347
    [37]	train-merror:0.956156
    [38]	train-merror:0.956602
    [39]	train-merror:0.956725
    result {'acc': 0.042408491183472924, 'balanced_acc': 0.028028268765707718, 'logloss': 3.9443131285956072, 'walltime': 86.323253, 'karea': 0.6477320273216961}
    
    3 {'max_depth': 3, 'learning_rate': 0.01, 'objective': 'multi:softprob', 'num_class': 54, 'base_score': 0.5, 'booster': 'gbtree', 'colsample_bylevel': 0.1, 'colsample_bynode': 1, 'colsample_bytree': 0.1, 'gamma': 0, 'max_delta_step': 0, 'min_child_weight': 1, 'random_state': 0, 'reg_alpha': 0, 'reg_lambda': 1, 'scale_pos_weight': 1, 'seed': 42, 'subsample': 0.1, 'verbosity': 0} num_round,  60
    [0]	train-merror:0.965145
    [1]	train-merror:0.95835
    [2]	train-merror:0.954974
    [3]	train-merror:0.95523
    [4]	train-merror:0.949953
    [5]	train-merror:0.95024
    [6]	train-merror:0.949725
    [7]	train-merror:0.951407
    [8]	train-merror:0.944828
    [9]	train-merror:0.947237
    [10]	train-merror:0.945978
    [11]	train-merror:0.947689
    [12]	train-merror:0.946766
    [13]	train-merror:0.942643
    [14]	train-merror:0.943016
    [15]	train-merror:0.939339
    [16]	train-merror:0.940512
    [17]	train-merror:0.940977
    [18]	train-merror:0.941799
    [19]	train-merror:0.943098
    [20]	train-merror:0.946184
    [21]	train-merror:0.946269
    [22]	train-merror:0.94675
    [23]	train-merror:0.947268
    [24]	train-merror:0.947044
    [25]	train-merror:0.947025
    [26]	train-merror:0.94712
    [27]	train-merror:0.94785
    [28]	train-merror:0.949589
    [29]	train-merror:0.951511
    [30]	train-merror:0.952476
    [31]	train-merror:0.95474
    [32]	train-merror:0.954993
    [33]	train-merror:0.953693
    [34]	train-merror:0.954531
    [35]	train-merror:0.954812
    [36]	train-merror:0.955347
    [37]	train-merror:0.956156
    [38]	train-merror:0.956602
    [39]	train-merror:0.956725
    [40]	train-merror:0.956687
    [41]	train-merror:0.956741
    [42]	train-merror:0.95431
    [43]	train-merror:0.954145
    [44]	train-merror:0.954477
    [45]	train-merror:0.954528
    [46]	train-merror:0.954689
    [47]	train-merror:0.95485
    [48]	train-merror:0.954778
    [49]	train-merror:0.954866
    [50]	train-merror:0.953851
    [51]	train-merror:0.954193
    [52]	train-merror:0.954237
    [53]	train-merror:0.950952
    [54]	train-merror:0.951824
    [55]	train-merror:0.952479
    [56]	train-merror:0.953715
    [57]	train-merror:0.954016
    [58]	train-merror:0.954133
    [59]	train-merror:0.954373
    result {'acc': 0.04426759748451535, 'balanced_acc': 0.029299973995973547, 'logloss': 3.926844672785682, 'walltime': 130.527839, 'karea': 0.649191524133427}
    
    4 {'max_depth': 3, 'learning_rate': 0.01, 'objective': 'multi:softprob', 'num_class': 54, 'base_score': 0.5, 'booster': 'gbtree', 'colsample_bylevel': 0.1, 'colsample_bynode': 1, 'colsample_bytree': 0.1, 'gamma': 0, 'max_delta_step': 0, 'min_child_weight': 1, 'random_state': 0, 'reg_alpha': 0, 'reg_lambda': 1, 'scale_pos_weight': 1, 'seed': 42, 'subsample': 0.1, 'verbosity': 0} num_round,  80
    [0]	train-merror:0.965145
    [1]	train-merror:0.95835
    [2]	train-merror:0.954974
    [3]	train-merror:0.95523
    [4]	train-merror:0.949953
    [5]	train-merror:0.95024
    [6]	train-merror:0.949725
    [7]	train-merror:0.951407
    [8]	train-merror:0.944828
    [9]	train-merror:0.947237
    [10]	train-merror:0.945978
    [11]	train-merror:0.947689
    [12]	train-merror:0.946766
    [13]	train-merror:0.942643
    [14]	train-merror:0.943016
    [15]	train-merror:0.939339
    [16]	train-merror:0.940512
    [17]	train-merror:0.940977
    [18]	train-merror:0.941799
    [19]	train-merror:0.943098
    [20]	train-merror:0.946184
    [21]	train-merror:0.946269
    [22]	train-merror:0.94675
    [23]	train-merror:0.947268
    [24]	train-merror:0.947044
    [25]	train-merror:0.947025
    [26]	train-merror:0.94712
    [27]	train-merror:0.94785
    [28]	train-merror:0.949589
    [29]	train-merror:0.951511
    [30]	train-merror:0.952476
    [31]	train-merror:0.95474
    [32]	train-merror:0.954993
    [33]	train-merror:0.953693
    [34]	train-merror:0.954531
    [35]	train-merror:0.954812
    [36]	train-merror:0.955347
    [37]	train-merror:0.956156
    [38]	train-merror:0.956602
    [39]	train-merror:0.956725
    [40]	train-merror:0.956687
    [41]	train-merror:0.956741
    [42]	train-merror:0.95431
    [43]	train-merror:0.954145
    [44]	train-merror:0.954477
    [45]	train-merror:0.954528
    [46]	train-merror:0.954689
    [47]	train-merror:0.95485
    [48]	train-merror:0.954778
    [49]	train-merror:0.954866
    [50]	train-merror:0.953851
    [51]	train-merror:0.954193
    [52]	train-merror:0.954237
    [53]	train-merror:0.950952
    [54]	train-merror:0.951824
    [55]	train-merror:0.952479
    [56]	train-merror:0.953715
    [57]	train-merror:0.954016
    [58]	train-merror:0.954133
    [59]	train-merror:0.954373
    [60]	train-merror:0.954496
    [61]	train-merror:0.955577
    [62]	train-merror:0.955938
    [63]	train-merror:0.955783
    [64]	train-merror:0.957708
    [65]	train-merror:0.958066
    [66]	train-merror:0.959466
    [67]	train-merror:0.957389
    [68]	train-merror:0.958192
    [69]	train-merror:0.957354
    [70]	train-merror:0.958082
    [71]	train-merror:0.958189
    [72]	train-merror:0.958037
    [73]	train-merror:0.958926
    [74]	train-merror:0.959112
    [75]	train-merror:0.956298
    [76]	train-merror:0.95682
    [77]	train-merror:0.957177
    [78]	train-merror:0.957421
    [79]	train-merror:0.95755
    result {'acc': 0.04160224610393922, 'balanced_acc': 0.024886277704167695, 'logloss': 3.9111737903246024, 'walltime': 173.374781, 'karea': 0.6514491860086443}
    
    5 {'max_depth': 3, 'learning_rate': 0.01, 'objective': 'multi:softprob', 'num_class': 54, 'base_score': 0.5, 'booster': 'gbtree', 'colsample_bylevel': 0.1, 'colsample_bynode': 1, 'colsample_bytree': 0.1, 'gamma': 0, 'max_delta_step': 0, 'min_child_weight': 1, 'random_state': 0, 'reg_alpha': 0, 'reg_lambda': 1, 'scale_pos_weight': 1, 'seed': 42, 'subsample': 0.1, 'verbosity': 0} num_round,  100
    [0]	train-merror:0.965145
    [1]	train-merror:0.95835
    [2]	train-merror:0.954974
    [3]	train-merror:0.95523
    [4]	train-merror:0.949953
    [5]	train-merror:0.95024
    [6]	train-merror:0.949725
    [7]	train-merror:0.951407
    [8]	train-merror:0.944828
    [9]	train-merror:0.947237
    [10]	train-merror:0.945978
    [11]	train-merror:0.947689
    [12]	train-merror:0.946766
    [13]	train-merror:0.942643
    [14]	train-merror:0.943016
    [15]	train-merror:0.939339
    [16]	train-merror:0.940512
    [17]	train-merror:0.940977
    [18]	train-merror:0.941799
    [19]	train-merror:0.943098
    [20]	train-merror:0.946184
    [21]	train-merror:0.946269
    [22]	train-merror:0.94675
    [23]	train-merror:0.947268
    [24]	train-merror:0.947044
    [25]	train-merror:0.947025
    [26]	train-merror:0.94712
    [27]	train-merror:0.94785
    [28]	train-merror:0.949589
    [29]	train-merror:0.951511
    [30]	train-merror:0.952476
    [31]	train-merror:0.95474
    [32]	train-merror:0.954993
    [33]	train-merror:0.953693
    [34]	train-merror:0.954531
    [35]	train-merror:0.954812
    [36]	train-merror:0.955347
    [37]	train-merror:0.956156
    [38]	train-merror:0.956602
    [39]	train-merror:0.956725
    [40]	train-merror:0.956687
    [41]	train-merror:0.956741
    [42]	train-merror:0.95431
    [43]	train-merror:0.954145
    [44]	train-merror:0.954477
    [45]	train-merror:0.954528
    [46]	train-merror:0.954689
    [47]	train-merror:0.95485
    [48]	train-merror:0.954778
    [49]	train-merror:0.954866
    [50]	train-merror:0.953851
    [51]	train-merror:0.954193
    [52]	train-merror:0.954237
    [53]	train-merror:0.950952
    [54]	train-merror:0.951824
    [55]	train-merror:0.952479
    [56]	train-merror:0.953715
    [57]	train-merror:0.954016
    [58]	train-merror:0.954133
    [59]	train-merror:0.954373
    [60]	train-merror:0.954496
    [61]	train-merror:0.955577
    [62]	train-merror:0.955938
    [63]	train-merror:0.955783
    [64]	train-merror:0.957708
    [65]	train-merror:0.958066
    [66]	train-merror:0.959466
    [67]	train-merror:0.957389
    [68]	train-merror:0.958192
    [69]	train-merror:0.957354
    [70]	train-merror:0.958082
    [71]	train-merror:0.958189
    [72]	train-merror:0.958037
    [73]	train-merror:0.958926
    [74]	train-merror:0.959112
    [75]	train-merror:0.956298
    [76]	train-merror:0.95682
    [77]	train-merror:0.957177
    [78]	train-merror:0.957421
    [79]	train-merror:0.95755
    [80]	train-merror:0.95756
    [81]	train-merror:0.95781
    [82]	train-merror:0.953238
    [83]	train-merror:0.952988
    [84]	train-merror:0.953058
    [85]	train-merror:0.953465
    [86]	train-merror:0.953231
    [87]	train-merror:0.953731
    [88]	train-merror:0.95394
    [89]	train-merror:0.952466
    [90]	train-merror:0.952501
    [91]	train-merror:0.952564
    [92]	train-merror:0.952074
    [93]	train-merror:0.952103
    [94]	train-merror:0.952254
    [95]	train-merror:0.952223
    [96]	train-merror:0.952103
    [97]	train-merror:0.950547
    [98]	train-merror:0.948555
    [99]	train-merror:0.948938
    result {'acc': 0.05020535536437535, 'balanced_acc': 0.031255168407851724, 'logloss': 3.8974572440336823, 'walltime': 216.224809, 'karea': 0.6532775531182012}
    
    6 {'max_depth': 3, 'learning_rate': 0.01, 'objective': 'multi:softprob', 'num_class': 54, 'base_score': 0.5, 'booster': 'gbtree', 'colsample_bylevel': 0.2, 'colsample_bynode': 1, 'colsample_bytree': 0.1, 'gamma': 0, 'max_delta_step': 0, 'min_child_weight': 1, 'random_state': 0, 'reg_alpha': 0, 'reg_lambda': 1, 'scale_pos_weight': 1, 'seed': 42, 'subsample': 0.1, 'verbosity': 0} num_round,  10
    [0]	train-merror:0.965145
    [1]	train-merror:0.95835
    [2]	train-merror:0.954974
    [3]	train-merror:0.95523
    [4]	train-merror:0.949953
    [5]	train-merror:0.95024
    [6]	train-merror:0.949725
    [7]	train-merror:0.951407
    [8]	train-merror:0.944828
    [9]	train-merror:0.947237
    result {'acc': 0.050964174262760016, 'balanced_acc': 0.03684609209838398, 'logloss': 3.9766314117097132, 'walltime': 21.920952, 'karea': 0.6426400363389939}
    
    7 {'max_depth': 3, 'learning_rate': 0.01, 'objective': 'multi:softprob', 'num_class': 54, 'base_score': 0.5, 'booster': 'gbtree', 'colsample_bylevel': 0.2, 'colsample_bynode': 1, 'colsample_bytree': 0.1, 'gamma': 0, 'max_delta_step': 0, 'min_child_weight': 1, 'random_state': 0, 'reg_alpha': 0, 'reg_lambda': 1, 'scale_pos_weight': 1, 'seed': 42, 'subsample': 0.1, 'verbosity': 0} num_round,  20
    [0]	train-merror:0.965145
    [1]	train-merror:0.95835
    [2]	train-merror:0.954974
    [3]	train-merror:0.95523
    [4]	train-merror:0.949953
    [5]	train-merror:0.95024
    [6]	train-merror:0.949725
    [7]	train-merror:0.951407
    [8]	train-merror:0.944828
    [9]	train-merror:0.947237
    [10]	train-merror:0.945978
    [11]	train-merror:0.947689
    [12]	train-merror:0.946766
    [13]	train-merror:0.942643
    [14]	train-merror:0.943016
    [15]	train-merror:0.939339
    [16]	train-merror:0.940512
    [17]	train-merror:0.940977
    [18]	train-merror:0.941799
    [19]	train-merror:0.943098
    result {'acc': 0.055649880960285315, 'balanced_acc': 0.03922801506122463, 'logloss': 3.9639876704063286, 'walltime': 45.036871, 'karea': 0.6473522665674581}
    
    8 {'max_depth': 3, 'learning_rate': 0.01, 'objective': 'multi:softprob', 'num_class': 54, 'base_score': 0.5, 'booster': 'gbtree', 'colsample_bylevel': 0.2, 'colsample_bynode': 1, 'colsample_bytree': 0.1, 'gamma': 0, 'max_delta_step': 0, 'min_child_weight': 1, 'random_state': 0, 'reg_alpha': 0, 'reg_lambda': 1, 'scale_pos_weight': 1, 'seed': 42, 'subsample': 0.1, 'verbosity': 0} num_round,  40
    [0]	train-merror:0.965145
    [1]	train-merror:0.95835
    [2]	train-merror:0.954974
    [3]	train-merror:0.95523
    [4]	train-merror:0.949953
    [5]	train-merror:0.95024
    [6]	train-merror:0.949725
    [7]	train-merror:0.951407
    [8]	train-merror:0.944828
    [9]	train-merror:0.947237
    [10]	train-merror:0.945978
    [11]	train-merror:0.947689
    [12]	train-merror:0.946766
    [13]	train-merror:0.942643
    [14]	train-merror:0.943016
    [15]	train-merror:0.939339
    [16]	train-merror:0.940512
    [17]	train-merror:0.940977
    [18]	train-merror:0.941799
    [19]	train-merror:0.943098
    [20]	train-merror:0.946184
    [21]	train-merror:0.946269
    [22]	train-merror:0.94675
    [23]	train-merror:0.947268
    [24]	train-merror:0.947044
    [25]	train-merror:0.947025
    [26]	train-merror:0.94712
    [27]	train-merror:0.94785
    [28]	train-merror:0.949589
    [29]	train-merror:0.951511
    [30]	train-merror:0.952476
    [31]	train-merror:0.95474
    [32]	train-merror:0.954993
    [33]	train-merror:0.953693
    [34]	train-merror:0.954531
    [35]	train-merror:0.954812
    [36]	train-merror:0.955347
    [37]	train-merror:0.956156
    [38]	train-merror:0.956602
    [39]	train-merror:0.956725
    result {'acc': 0.042408491183472924, 'balanced_acc': 0.028028268765707718, 'logloss': 3.9443131285956072, 'walltime': 86.518097, 'karea': 0.6477320273216961}
    
    9 {'max_depth': 3, 'learning_rate': 0.01, 'objective': 'multi:softprob', 'num_class': 54, 'base_score': 0.5, 'booster': 'gbtree', 'colsample_bylevel': 0.2, 'colsample_bynode': 1, 'colsample_bytree': 0.1, 'gamma': 0, 'max_delta_step': 0, 'min_child_weight': 1, 'random_state': 0, 'reg_alpha': 0, 'reg_lambda': 1, 'scale_pos_weight': 1, 'seed': 42, 'subsample': 0.1, 'verbosity': 0} num_round,  60
    [0]	train-merror:0.965145
    [1]	train-merror:0.95835
    [2]	train-merror:0.954974
    [3]	train-merror:0.95523
    [4]	train-merror:0.949953
    [5]	train-merror:0.95024
    [6]	train-merror:0.949725
    [7]	train-merror:0.951407
    [8]	train-merror:0.944828
    [9]	train-merror:0.947237
    [10]	train-merror:0.945978
    [11]	train-merror:0.947689
    [12]	train-merror:0.946766
    [13]	train-merror:0.942643
    [14]	train-merror:0.943016
    [15]	train-merror:0.939339
    [16]	train-merror:0.940512
    [17]	train-merror:0.940977
    [18]	train-merror:0.941799
    [19]	train-merror:0.943098
    [20]	train-merror:0.946184
    [21]	train-merror:0.946269
    [22]	train-merror:0.94675
    [23]	train-merror:0.947268
    [24]	train-merror:0.947044
    [25]	train-merror:0.947025
    [26]	train-merror:0.94712
    [27]	train-merror:0.94785
    [28]	train-merror:0.949589
    [29]	train-merror:0.951511
    [30]	train-merror:0.952476
    [31]	train-merror:0.95474
    [32]	train-merror:0.954993
    [33]	train-merror:0.953693
    [34]	train-merror:0.954531
    [35]	train-merror:0.954812
    [36]	train-merror:0.955347
    [37]	train-merror:0.956156
    [38]	train-merror:0.956602
    [39]	train-merror:0.956725
    [40]	train-merror:0.956687
    [41]	train-merror:0.956741
    [42]	train-merror:0.95431
    [43]	train-merror:0.954145
    [44]	train-merror:0.954477
    [45]	train-merror:0.954528
    [46]	train-merror:0.954689
    [47]	train-merror:0.95485
    [48]	train-merror:0.954778
    [49]	train-merror:0.954866
    [50]	train-merror:0.953851
    [51]	train-merror:0.954193
    [52]	train-merror:0.954237
    [53]	train-merror:0.950952
    [54]	train-merror:0.951824
    [55]	train-merror:0.952479
    [56]	train-merror:0.953715
    [57]	train-merror:0.954016
    [58]	train-merror:0.954133
    [59]	train-merror:0.954373
    result {'acc': 0.04426759748451535, 'balanced_acc': 0.029299973995973547, 'logloss': 3.926844672785682, 'walltime': 130.473843, 'karea': 0.649191524133427}
    
    10 {'max_depth': 3, 'learning_rate': 0.01, 'objective': 'multi:softprob', 'num_class': 54, 'base_score': 0.5, 'booster': 'gbtree', 'colsample_bylevel': 0.2, 'colsample_bynode': 1, 'colsample_bytree': 0.1, 'gamma': 0, 'max_delta_step': 0, 'min_child_weight': 1, 'random_state': 0, 'reg_alpha': 0, 'reg_lambda': 1, 'scale_pos_weight': 1, 'seed': 42, 'subsample': 0.1, 'verbosity': 0} num_round,  80
    [0]	train-merror:0.965145
    [1]	train-merror:0.95835
    [2]	train-merror:0.954974
    [3]	train-merror:0.95523
    [4]	train-merror:0.949953
    [5]	train-merror:0.95024
    [6]	train-merror:0.949725
    [7]	train-merror:0.951407
    [8]	train-merror:0.944828
    [9]	train-merror:0.947237
    [10]	train-merror:0.945978
    [11]	train-merror:0.947689
    [12]	train-merror:0.946766
    [13]	train-merror:0.942643
    [14]	train-merror:0.943016
    [15]	train-merror:0.939339
    [16]	train-merror:0.940512
    [17]	train-merror:0.940977
    [18]	train-merror:0.941799
    [19]	train-merror:0.943098
    [20]	train-merror:0.946184
    [21]	train-merror:0.946269
    [22]	train-merror:0.94675
    [23]	train-merror:0.947268
    [24]	train-merror:0.947044
    [25]	train-merror:0.947025
    [26]	train-merror:0.94712
    [27]	train-merror:0.94785
    [28]	train-merror:0.949589
    [29]	train-merror:0.951511
    [30]	train-merror:0.952476
    [31]	train-merror:0.95474
    [32]	train-merror:0.954993
    [33]	train-merror:0.953693
    [34]	train-merror:0.954531
    [35]	train-merror:0.954812
    [36]	train-merror:0.955347
    [37]	train-merror:0.956156
    [38]	train-merror:0.956602
    [39]	train-merror:0.956725
    [40]	train-merror:0.956687
    [41]	train-merror:0.956741
    [42]	train-merror:0.95431
    [43]	train-merror:0.954145
    [44]	train-merror:0.954477
    [45]	train-merror:0.954528
    [46]	train-merror:0.954689
    [47]	train-merror:0.95485
    [48]	train-merror:0.954778
    [49]	train-merror:0.954866
    [50]	train-merror:0.953851
    [51]	train-merror:0.954193
    [52]	train-merror:0.954237
    [53]	train-merror:0.950952
    [54]	train-merror:0.951824
    [55]	train-merror:0.952479
    [56]	train-merror:0.953715
    [57]	train-merror:0.954016
    [58]	train-merror:0.954133
    [59]	train-merror:0.954373
    [60]	train-merror:0.954496
    [61]	train-merror:0.955577
    [62]	train-merror:0.955938
    [63]	train-merror:0.955783
    [64]	train-merror:0.957708
    [65]	train-merror:0.958066
    [66]	train-merror:0.959466
    [67]	train-merror:0.957389
    [68]	train-merror:0.958192
    [69]	train-merror:0.957354
    [70]	train-merror:0.958082
    [71]	train-merror:0.958189
    [72]	train-merror:0.958037
    [73]	train-merror:0.958926
    [74]	train-merror:0.959112
    [75]	train-merror:0.956298
    [76]	train-merror:0.95682
    [77]	train-merror:0.957177
    [78]	train-merror:0.957421
    [79]	train-merror:0.95755
    result {'acc': 0.04160224610393922, 'balanced_acc': 0.024886277704167695, 'logloss': 3.9111737903246024, 'walltime': 172.969956, 'karea': 0.6514491860086443}
    
    11 {'max_depth': 3, 'learning_rate': 0.01, 'objective': 'multi:softprob', 'num_class': 54, 'base_score': 0.5, 'booster': 'gbtree', 'colsample_bylevel': 0.2, 'colsample_bynode': 1, 'colsample_bytree': 0.1, 'gamma': 0, 'max_delta_step': 0, 'min_child_weight': 1, 'random_state': 0, 'reg_alpha': 0, 'reg_lambda': 1, 'scale_pos_weight': 1, 'seed': 42, 'subsample': 0.1, 'verbosity': 0} num_round,  100
    [0]	train-merror:0.965145
    [1]	train-merror:0.95835
    [2]	train-merror:0.954974
    [3]	train-merror:0.95523
    [4]	train-merror:0.949953
    [5]	train-merror:0.95024
    [6]	train-merror:0.949725
    [7]	train-merror:0.951407
    [8]	train-merror:0.944828
    [9]	train-merror:0.947237
    [10]	train-merror:0.945978
    [11]	train-merror:0.947689
    [12]	train-merror:0.946766
    [13]	train-merror:0.942643
    [14]	train-merror:0.943016
    [15]	train-merror:0.939339
    [16]	train-merror:0.940512
    [17]	train-merror:0.940977
    [18]	train-merror:0.941799
    [19]	train-merror:0.943098
    [20]	train-merror:0.946184
    [21]	train-merror:0.946269
    [22]	train-merror:0.94675
    [23]	train-merror:0.947268
    [24]	train-merror:0.947044
    [25]	train-merror:0.947025
    [26]	train-merror:0.94712
    [27]	train-merror:0.94785
    [28]	train-merror:0.949589
    [29]	train-merror:0.951511
    [30]	train-merror:0.952476
    [31]	train-merror:0.95474
    [32]	train-merror:0.954993
    [33]	train-merror:0.953693
    [34]	train-merror:0.954531
    [35]	train-merror:0.954812
    [36]	train-merror:0.955347
    [37]	train-merror:0.956156
    [38]	train-merror:0.956602
    [39]	train-merror:0.956725
    [40]	train-merror:0.956687
    [41]	train-merror:0.956741
    [42]	train-merror:0.95431
    [43]	train-merror:0.954145
    [44]	train-merror:0.954477
    [45]	train-merror:0.954528
    [46]	train-merror:0.954689
    [47]	train-merror:0.95485
    [48]	train-merror:0.954778
    [49]	train-merror:0.954866
    [50]	train-merror:0.953851
    [51]	train-merror:0.954193
    [52]	train-merror:0.954237
    [53]	train-merror:0.950952
    [54]	train-merror:0.951824
    [55]	train-merror:0.952479
    [56]	train-merror:0.953715
    [57]	train-merror:0.954016
    [58]	train-merror:0.954133
    [59]	train-merror:0.954373
    [60]	train-merror:0.954496
    [61]	train-merror:0.955577
    [62]	train-merror:0.955938
    [63]	train-merror:0.955783
    [64]	train-merror:0.957708
    [65]	train-merror:0.958066
    [66]	train-merror:0.959466
    [67]	train-merror:0.957389
    [68]	train-merror:0.958192
    [69]	train-merror:0.957354
    [70]	train-merror:0.958082
    [71]	train-merror:0.958189
    [72]	train-merror:0.958037
    [73]	train-merror:0.958926
    [74]	train-merror:0.959112
    [75]	train-merror:0.956298
    [76]	train-merror:0.95682
    [77]	train-merror:0.957177
    [78]	train-merror:0.957421
    [79]	train-merror:0.95755
    [80]	train-merror:0.95756
    [81]	train-merror:0.95781
    [82]	train-merror:0.953238
    [83]	train-merror:0.952988
    [84]	train-merror:0.953058
    [85]	train-merror:0.953465
    [86]	train-merror:0.953231
    [87]	train-merror:0.953731
    [88]	train-merror:0.95394
    [89]	train-merror:0.952466
    [90]	train-merror:0.952501
    [91]	train-merror:0.952564
    [92]	train-merror:0.952074
    [93]	train-merror:0.952103
    [94]	train-merror:0.952254
    [95]	train-merror:0.952223
    [96]	train-merror:0.952103
    [97]	train-merror:0.950547
    [98]	train-merror:0.948555
    [99]	train-merror:0.948938
    result {'acc': 0.05020535536437535, 'balanced_acc': 0.031255168407851724, 'logloss': 3.8974572440336823, 'walltime': 215.899521, 'karea': 0.6532775531182012}
    
    12 {'max_depth': 3, 'learning_rate': 0.01, 'objective': 'multi:softprob', 'num_class': 54, 'base_score': 0.5, 'booster': 'gbtree', 'colsample_bylevel': 1, 'colsample_bynode': 1, 'colsample_bytree': 0.1, 'gamma': 0, 'max_delta_step': 0, 'min_child_weight': 1, 'random_state': 0, 'reg_alpha': 0, 'reg_lambda': 1, 'scale_pos_weight': 1, 'seed': 42, 'subsample': 0.1, 'verbosity': 0} num_round,  10
    [0]	train-merror:0.956811
    [1]	train-merror:0.946782
    [2]	train-merror:0.940556
    [3]	train-merror:0.936642
    [4]	train-merror:0.926916
    [5]	train-merror:0.926632
    [6]	train-merror:0.92592
    [7]	train-merror:0.926303
    [8]	train-merror:0.92231
    [9]	train-merror:0.922834
    result {'acc': 0.07659328255570205, 'balanced_acc': 0.05665177120965496, 'logloss': 3.9727518967767494, 'walltime': 24.395298, 'karea': 0.6727194769489437}
    
    13 {'max_depth': 3, 'learning_rate': 0.01, 'objective': 'multi:softprob', 'num_class': 54, 'base_score': 0.5, 'booster': 'gbtree', 'colsample_bylevel': 1, 'colsample_bynode': 1, 'colsample_bytree': 0.1, 'gamma': 0, 'max_delta_step': 0, 'min_child_weight': 1, 'random_state': 0, 'reg_alpha': 0, 'reg_lambda': 1, 'scale_pos_weight': 1, 'seed': 42, 'subsample': 0.1, 'verbosity': 0} num_round,  20
    [0]	train-merror:0.956811
    [1]	train-merror:0.946782
    [2]	train-merror:0.940556
    [3]	train-merror:0.936642
    [4]	train-merror:0.926916
    [5]	train-merror:0.926632
    [6]	train-merror:0.92592
    [7]	train-merror:0.926303
    [8]	train-merror:0.92231
    [9]	train-merror:0.922834
    [10]	train-merror:0.923125
    [11]	train-merror:0.923938
    [12]	train-merror:0.920688
    [13]	train-merror:0.920985
    [14]	train-merror:0.920994
    [15]	train-merror:0.917346
    [16]	train-merror:0.911506
    [17]	train-merror:0.912252
    [18]	train-merror:0.912388
    [19]	train-merror:0.913299
    result {'acc': 0.08551888984795167, 'balanced_acc': 0.06504770005232816, 'logloss': 3.9550271916398705, 'walltime': 48.177662, 'karea': 0.682592202643992}
    
    14 {'max_depth': 3, 'learning_rate': 0.01, 'objective': 'multi:softprob', 'num_class': 54, 'base_score': 0.5, 'booster': 'gbtree', 'colsample_bylevel': 1, 'colsample_bynode': 1, 'colsample_bytree': 0.1, 'gamma': 0, 'max_delta_step': 0, 'min_child_weight': 1, 'random_state': 0, 'reg_alpha': 0, 'reg_lambda': 1, 'scale_pos_weight': 1, 'seed': 42, 'subsample': 0.1, 'verbosity': 0} num_round,  40
    [0]	train-merror:0.956811
    [1]	train-merror:0.946782
    [2]	train-merror:0.940556
    [3]	train-merror:0.936642
    [4]	train-merror:0.926916
    [5]	train-merror:0.926632
    [6]	train-merror:0.92592
    [7]	train-merror:0.926303
    [8]	train-merror:0.92231
    [9]	train-merror:0.922834
    [10]	train-merror:0.923125
    [11]	train-merror:0.923938
    [12]	train-merror:0.920688
    [13]	train-merror:0.920985
    [14]	train-merror:0.920994
    [15]	train-merror:0.917346
    [16]	train-merror:0.911506
    [17]	train-merror:0.912252
    [18]	train-merror:0.912388
    [19]	train-merror:0.913299
    [20]	train-merror:0.91437
    [21]	train-merror:0.914854
    [22]	train-merror:0.915132
    [23]	train-merror:0.914936
    [24]	train-merror:0.915139
    [25]	train-merror:0.91273
    [26]	train-merror:0.913795
    [27]	train-merror:0.913798
    [28]	train-merror:0.913435
    [29]	train-merror:0.911898
    [30]	train-merror:0.910118
    [31]	train-merror:0.90812
    [32]	train-merror:0.908066
    [33]	train-merror:0.907209
    [34]	train-merror:0.902296
    [35]	train-merror:0.9032
    [36]	train-merror:0.902637
    [37]	train-merror:0.902331
    [38]	train-merror:0.902653
    [39]	train-merror:0.904044
    result {'acc': 0.09631308867747351, 'balanced_acc': 0.07231282521517009, 'logloss': 3.9270377747831287, 'walltime': 97.632821, 'karea': 0.686150220145307}
    
    15 {'max_depth': 3, 'learning_rate': 0.01, 'objective': 'multi:softprob', 'num_class': 54, 'base_score': 0.5, 'booster': 'gbtree', 'colsample_bylevel': 1, 'colsample_bynode': 1, 'colsample_bytree': 0.1, 'gamma': 0, 'max_delta_step': 0, 'min_child_weight': 1, 'random_state': 0, 'reg_alpha': 0, 'reg_lambda': 1, 'scale_pos_weight': 1, 'seed': 42, 'subsample': 0.1, 'verbosity': 0} num_round,  60
    [0]	train-merror:0.956811
    [1]	train-merror:0.946782
    [2]	train-merror:0.940556
    [3]	train-merror:0.936642
    [4]	train-merror:0.926916
    [5]	train-merror:0.926632
    [6]	train-merror:0.92592
    [7]	train-merror:0.926303
    [8]	train-merror:0.92231
    [9]	train-merror:0.922834
    [10]	train-merror:0.923125
    [11]	train-merror:0.923938
    [12]	train-merror:0.920688
    [13]	train-merror:0.920985
    [14]	train-merror:0.920994
    [15]	train-merror:0.917346
    [16]	train-merror:0.911506
    [17]	train-merror:0.912252
    [18]	train-merror:0.912388
    [19]	train-merror:0.913299
    [20]	train-merror:0.91437
    [21]	train-merror:0.914854
    [22]	train-merror:0.915132
    [23]	train-merror:0.914936
    [24]	train-merror:0.915139
    [25]	train-merror:0.91273
    [26]	train-merror:0.913795
    [27]	train-merror:0.913798
    [28]	train-merror:0.913435
    [29]	train-merror:0.911898
    [30]	train-merror:0.910118
    [31]	train-merror:0.90812
    [32]	train-merror:0.908066
    [33]	train-merror:0.907209
    [34]	train-merror:0.902296
    [35]	train-merror:0.9032
    [36]	train-merror:0.902637
    [37]	train-merror:0.902331
    [38]	train-merror:0.902653
    [39]	train-merror:0.904044
    [40]	train-merror:0.903908
    [41]	train-merror:0.90467
    [42]	train-merror:0.904651
    [43]	train-merror:0.904939
    [44]	train-merror:0.904594
    [45]	train-merror:0.902896
    [46]	train-merror:0.903017
    [47]	train-merror:0.902296
    [48]	train-merror:0.898587
    [49]	train-merror:0.89865
    [50]	train-merror:0.899962
    [51]	train-merror:0.900076
    [52]	train-merror:0.90025
    [53]	train-merror:0.899902
    [54]	train-merror:0.897246
    [55]	train-merror:0.896415
    [56]	train-merror:0.896503
    [57]	train-merror:0.89687
    [58]	train-merror:0.896718
    [59]	train-merror:0.896396
    result {'acc': 0.10377796959033264, 'balanced_acc': 0.07914268716825026, 'logloss': 3.9011299229346617, 'walltime': 145.224516, 'karea': 0.6895190598795938}
    
    16 {'max_depth': 3, 'learning_rate': 0.01, 'objective': 'multi:softprob', 'num_class': 54, 'base_score': 0.5, 'booster': 'gbtree', 'colsample_bylevel': 1, 'colsample_bynode': 1, 'colsample_bytree': 0.1, 'gamma': 0, 'max_delta_step': 0, 'min_child_weight': 1, 'random_state': 0, 'reg_alpha': 0, 'reg_lambda': 1, 'scale_pos_weight': 1, 'seed': 42, 'subsample': 0.1, 'verbosity': 0} num_round,  80
    [0]	train-merror:0.956811
    [1]	train-merror:0.946782
    [2]	train-merror:0.940556
    [3]	train-merror:0.936642
    [4]	train-merror:0.926916
    [5]	train-merror:0.926632
    [6]	train-merror:0.92592
    [7]	train-merror:0.926303
    [8]	train-merror:0.92231
    [9]	train-merror:0.922834
    [10]	train-merror:0.923125
    [11]	train-merror:0.923938
    [12]	train-merror:0.920688
    [13]	train-merror:0.920985
    [14]	train-merror:0.920994
    [15]	train-merror:0.917346
    [16]	train-merror:0.911506
    [17]	train-merror:0.912252
    [18]	train-merror:0.912388
    [19]	train-merror:0.913299
    [20]	train-merror:0.91437
    [21]	train-merror:0.914854
    [22]	train-merror:0.915132
    [23]	train-merror:0.914936
    [24]	train-merror:0.915139
    [25]	train-merror:0.91273
    [26]	train-merror:0.913795
    [27]	train-merror:0.913798
    [28]	train-merror:0.913435
    [29]	train-merror:0.911898
    [30]	train-merror:0.910118
    [31]	train-merror:0.90812
    [32]	train-merror:0.908066
    [33]	train-merror:0.907209
    [34]	train-merror:0.902296
    [35]	train-merror:0.9032
    [36]	train-merror:0.902637
    [37]	train-merror:0.902331
    [38]	train-merror:0.902653
    [39]	train-merror:0.904044
    [40]	train-merror:0.903908
    [41]	train-merror:0.90467
    [42]	train-merror:0.904651
    [43]	train-merror:0.904939
    [44]	train-merror:0.904594
    [45]	train-merror:0.902896
    [46]	train-merror:0.903017
    [47]	train-merror:0.902296
    [48]	train-merror:0.898587
    [49]	train-merror:0.89865
    [50]	train-merror:0.899962
    [51]	train-merror:0.900076
    [52]	train-merror:0.90025
    [53]	train-merror:0.899902
    [54]	train-merror:0.897246
    [55]	train-merror:0.896415
    [56]	train-merror:0.896503
    [57]	train-merror:0.89687
    [58]	train-merror:0.896718
    [59]	train-merror:0.896396
    [60]	train-merror:0.896908
    [61]	train-merror:0.897088
    [62]	train-merror:0.89668
    [63]	train-merror:0.896864
    [64]	train-merror:0.896598
    [65]	train-merror:0.896627
    [66]	train-merror:0.896522
    [67]	train-merror:0.896706
    [68]	train-merror:0.896883
    [69]	train-merror:0.896415
    [70]	train-merror:0.896402
    [71]	train-merror:0.89607
    [72]	train-merror:0.896089
    [73]	train-merror:0.896149
    [74]	train-merror:0.895972
    [75]	train-merror:0.895049
    [76]	train-merror:0.895251
    [77]	train-merror:0.894771
    [78]	train-merror:0.894761
    [79]	train-merror:0.89509
    result {'acc': 0.10397715955115862, 'balanced_acc': 0.07960739597434163, 'logloss': 3.8782707917551087, 'walltime': 193.051182, 'karea': 0.6927097879557875}
    
    17 {'max_depth': 3, 'learning_rate': 0.01, 'objective': 'multi:softprob', 'num_class': 54, 'base_score': 0.5, 'booster': 'gbtree', 'colsample_bylevel': 1, 'colsample_bynode': 1, 'colsample_bytree': 0.1, 'gamma': 0, 'max_delta_step': 0, 'min_child_weight': 1, 'random_state': 0, 'reg_alpha': 0, 'reg_lambda': 1, 'scale_pos_weight': 1, 'seed': 42, 'subsample': 0.1, 'verbosity': 0} num_round,  100
    [0]	train-merror:0.956811
    [1]	train-merror:0.946782
    [2]	train-merror:0.940556
    [3]	train-merror:0.936642
    [4]	train-merror:0.926916
    [5]	train-merror:0.926632
    [6]	train-merror:0.92592
    [7]	train-merror:0.926303
    [8]	train-merror:0.92231
    [9]	train-merror:0.922834
    [10]	train-merror:0.923125
    [11]	train-merror:0.923938
    [12]	train-merror:0.920688
    [13]	train-merror:0.920985
    [14]	train-merror:0.920994
    [15]	train-merror:0.917346
    [16]	train-merror:0.911506
    [17]	train-merror:0.912252
    [18]	train-merror:0.912388
    [19]	train-merror:0.913299
    [20]	train-merror:0.91437
    [21]	train-merror:0.914854
    [22]	train-merror:0.915132
    [23]	train-merror:0.914936
    [24]	train-merror:0.915139
    [25]	train-merror:0.91273
    [26]	train-merror:0.913795
    [27]	train-merror:0.913798
    [28]	train-merror:0.913435
    [29]	train-merror:0.911898
    [30]	train-merror:0.910118
    [31]	train-merror:0.90812
    [32]	train-merror:0.908066
    [33]	train-merror:0.907209
    [34]	train-merror:0.902296
    [35]	train-merror:0.9032
    [36]	train-merror:0.902637
    [37]	train-merror:0.902331
    [38]	train-merror:0.902653
    [39]	train-merror:0.904044
    [40]	train-merror:0.903908
    [41]	train-merror:0.90467
    [42]	train-merror:0.904651
    [43]	train-merror:0.904939
    [44]	train-merror:0.904594
    [45]	train-merror:0.902896
    [46]	train-merror:0.903017
    [47]	train-merror:0.902296
    [48]	train-merror:0.898587
    [49]	train-merror:0.89865
    [50]	train-merror:0.899962
    [51]	train-merror:0.900076
    [52]	train-merror:0.90025
    [53]	train-merror:0.899902
    [54]	train-merror:0.897246
    [55]	train-merror:0.896415
    [56]	train-merror:0.896503
    [57]	train-merror:0.89687
    [58]	train-merror:0.896718
    [59]	train-merror:0.896396
    [60]	train-merror:0.896908
    [61]	train-merror:0.897088
    [62]	train-merror:0.89668
    [63]	train-merror:0.896864
    [64]	train-merror:0.896598
    [65]	train-merror:0.896627
    [66]	train-merror:0.896522
    [67]	train-merror:0.896706
    [68]	train-merror:0.896883
    [69]	train-merror:0.896415
    [70]	train-merror:0.896402
    [71]	train-merror:0.89607
    [72]	train-merror:0.896089
    [73]	train-merror:0.896149
    [74]	train-merror:0.895972
    [75]	train-merror:0.895049
    [76]	train-merror:0.895251
    [77]	train-merror:0.894771
    [78]	train-merror:0.894761
    [79]	train-merror:0.89509
    [80]	train-merror:0.895201
    [81]	train-merror:0.895463
    [82]	train-merror:0.895229
    [83]	train-merror:0.895343
    [84]	train-merror:0.895033
    [85]	train-merror:0.895169
    [86]	train-merror:0.89503
    [87]	train-merror:0.894964
    [88]	train-merror:0.894919
    [89]	train-merror:0.895027
    [90]	train-merror:0.895036
    [91]	train-merror:0.894929
    [92]	train-merror:0.89478
    [93]	train-merror:0.893579
    [94]	train-merror:0.893582
    [95]	train-merror:0.893614
    [96]	train-merror:0.893857
    [97]	train-merror:0.894006
    [98]	train-merror:0.893952
    [99]	train-merror:0.893753
    result {'acc': 0.10573192825367315, 'balanced_acc': 0.08100206630275165, 'logloss': 3.8571678777956544, 'walltime': 241.473214, 'karea': 0.6951397649558461}
    
    18 {'max_depth': 3, 'learning_rate': 0.01, 'objective': 'multi:softprob', 'num_class': 54, 'base_score': 0.5, 'booster': 'gbtree', 'colsample_bylevel': 0.1, 'colsample_bynode': 1, 'colsample_bytree': 0.5, 'gamma': 0, 'max_delta_step': 0, 'min_child_weight': 1, 'random_state': 0, 'reg_alpha': 0, 'reg_lambda': 1, 'scale_pos_weight': 1, 'seed': 42, 'subsample': 0.1, 'verbosity': 0} num_round,  10
    [0]	train-merror:0.947645
    [1]	train-merror:0.929623
    [2]	train-merror:0.920058
    [3]	train-merror:0.915139
    [4]	train-merror:0.906874
    [5]	train-merror:0.904983
    [6]	train-merror:0.898723
    [7]	train-merror:0.901392
    [8]	train-merror:0.901954
    [9]	train-merror:0.902947
    result {'acc': 0.09735646466275243, 'balanced_acc': 0.0761882409578278, 'logloss': 3.9698979582166305, 'walltime': 23.827975, 'karea': 0.6848591741029163}
    
    19 {'max_depth': 3, 'learning_rate': 0.01, 'objective': 'multi:softprob', 'num_class': 54, 'base_score': 0.5, 'booster': 'gbtree', 'colsample_bylevel': 0.1, 'colsample_bynode': 1, 'colsample_bytree': 0.5, 'gamma': 0, 'max_delta_step': 0, 'min_child_weight': 1, 'random_state': 0, 'reg_alpha': 0, 'reg_lambda': 1, 'scale_pos_weight': 1, 'seed': 42, 'subsample': 0.1, 'verbosity': 0} num_round,  20
    [0]	train-merror:0.947645
    [1]	train-merror:0.929623
    [2]	train-merror:0.920058
    [3]	train-merror:0.915139
    [4]	train-merror:0.906874
    [5]	train-merror:0.904983
    [6]	train-merror:0.898723
    [7]	train-merror:0.901392
    [8]	train-merror:0.901954
    [9]	train-merror:0.902947
    [10]	train-merror:0.9016
    [11]	train-merror:0.902169
    [12]	train-merror:0.899757
    [13]	train-merror:0.898151
    [14]	train-merror:0.898382
    [15]	train-merror:0.897186
    [16]	train-merror:0.89724
    [17]	train-merror:0.89724
    [18]	train-merror:0.896839
    [19]	train-merror:0.896813
    result {'acc': 0.10347444203097877, 'balanced_acc': 0.07982445119472048, 'logloss': 3.952604716685288, 'walltime': 48.960687, 'karea': 0.6894851589426985}
    
    20 {'max_depth': 3, 'learning_rate': 0.01, 'objective': 'multi:softprob', 'num_class': 54, 'base_score': 0.5, 'booster': 'gbtree', 'colsample_bylevel': 0.1, 'colsample_bynode': 1, 'colsample_bytree': 0.5, 'gamma': 0, 'max_delta_step': 0, 'min_child_weight': 1, 'random_state': 0, 'reg_alpha': 0, 'reg_lambda': 1, 'scale_pos_weight': 1, 'seed': 42, 'subsample': 0.1, 'verbosity': 0} num_round,  40
    [0]	train-merror:0.947645
    [1]	train-merror:0.929623
    [2]	train-merror:0.920058
    [3]	train-merror:0.915139
    [4]	train-merror:0.906874
    [5]	train-merror:0.904983
    [6]	train-merror:0.898723
    [7]	train-merror:0.901392
    [8]	train-merror:0.901954
    [9]	train-merror:0.902947
    [10]	train-merror:0.9016
    [11]	train-merror:0.902169
    [12]	train-merror:0.899757
    [13]	train-merror:0.898151
    [14]	train-merror:0.898382
    [15]	train-merror:0.897186
    [16]	train-merror:0.89724
    [17]	train-merror:0.89724
    [18]	train-merror:0.896839
    [19]	train-merror:0.896813
    [20]	train-merror:0.897417
    [21]	train-merror:0.896652
    [22]	train-merror:0.8957
    [23]	train-merror:0.894104
    [24]	train-merror:0.893607
    [25]	train-merror:0.892984
    [26]	train-merror:0.89257
    [27]	train-merror:0.892539
    [28]	train-merror:0.892706
    [29]	train-merror:0.892649
    [30]	train-merror:0.893155
    [31]	train-merror:0.893468
    [32]	train-merror:0.893487
    [33]	train-merror:0.89411
    [34]	train-merror:0.893797
    [35]	train-merror:0.89337
    [36]	train-merror:0.893984
    [37]	train-merror:0.893708
    [38]	train-merror:0.893063
    [39]	train-merror:0.892105
    result {'acc': 0.10752463790110693, 'balanced_acc': 0.08243190639076518, 'logloss': 3.922878503776591, 'walltime': 94.397305, 'karea': 0.6941814047915903}
    
    21 {'max_depth': 3, 'learning_rate': 0.01, 'objective': 'multi:softprob', 'num_class': 54, 'base_score': 0.5, 'booster': 'gbtree', 'colsample_bylevel': 0.1, 'colsample_bynode': 1, 'colsample_bytree': 0.5, 'gamma': 0, 'max_delta_step': 0, 'min_child_weight': 1, 'random_state': 0, 'reg_alpha': 0, 'reg_lambda': 1, 'scale_pos_weight': 1, 'seed': 42, 'subsample': 0.1, 'verbosity': 0} num_round,  60
    [0]	train-merror:0.947645
    [1]	train-merror:0.929623
    [2]	train-merror:0.920058
    [3]	train-merror:0.915139
    [4]	train-merror:0.906874
    [5]	train-merror:0.904983
    [6]	train-merror:0.898723
    [7]	train-merror:0.901392
    [8]	train-merror:0.901954
    [9]	train-merror:0.902947
    [10]	train-merror:0.9016
    [11]	train-merror:0.902169
    [12]	train-merror:0.899757
    [13]	train-merror:0.898151
    [14]	train-merror:0.898382
    [15]	train-merror:0.897186
    [16]	train-merror:0.89724
    [17]	train-merror:0.89724
    [18]	train-merror:0.896839
    [19]	train-merror:0.896813
    [20]	train-merror:0.897417
    [21]	train-merror:0.896652
    [22]	train-merror:0.8957
    [23]	train-merror:0.894104
    [24]	train-merror:0.893607
    [25]	train-merror:0.892984
    [26]	train-merror:0.89257
    [27]	train-merror:0.892539
    [28]	train-merror:0.892706
    [29]	train-merror:0.892649
    [30]	train-merror:0.893155
    [31]	train-merror:0.893468
    [32]	train-merror:0.893487
    [33]	train-merror:0.89411
    [34]	train-merror:0.893797
    [35]	train-merror:0.89337
    [36]	train-merror:0.893984
    [37]	train-merror:0.893708
    [38]	train-merror:0.893063
    [39]	train-merror:0.892105
    [40]	train-merror:0.892352
    [41]	train-merror:0.892801
    [42]	train-merror:0.892662
    [43]	train-merror:0.892886
    [44]	train-merror:0.892153
    [45]	train-merror:0.89208
    [46]	train-merror:0.892178
    [47]	train-merror:0.89289
    [48]	train-merror:0.893367
    [49]	train-merror:0.893689
    [50]	train-merror:0.893067
    [51]	train-merror:0.893003
    [52]	train-merror:0.892374
    [53]	train-merror:0.89215
    [54]	train-merror:0.892162
    [55]	train-merror:0.891827
    [56]	train-merror:0.89183
    [57]	train-merror:0.892343
    [58]	train-merror:0.892036
    [59]	train-merror:0.891963
    result {'acc': 0.10788507687783964, 'balanced_acc': 0.08128914522373325, 'logloss': 3.8966110737031463, 'walltime': 142.716002, 'karea': 0.6958346463359409}
    
    22 {'max_depth': 3, 'learning_rate': 0.01, 'objective': 'multi:softprob', 'num_class': 54, 'base_score': 0.5, 'booster': 'gbtree', 'colsample_bylevel': 0.1, 'colsample_bynode': 1, 'colsample_bytree': 0.5, 'gamma': 0, 'max_delta_step': 0, 'min_child_weight': 1, 'random_state': 0, 'reg_alpha': 0, 'reg_lambda': 1, 'scale_pos_weight': 1, 'seed': 42, 'subsample': 0.1, 'verbosity': 0} num_round,  80
    [0]	train-merror:0.947645
    [1]	train-merror:0.929623
    [2]	train-merror:0.920058
    [3]	train-merror:0.915139
    [4]	train-merror:0.906874
    [5]	train-merror:0.904983
    [6]	train-merror:0.898723
    [7]	train-merror:0.901392
    [8]	train-merror:0.901954
    [9]	train-merror:0.902947
    [10]	train-merror:0.9016
    [11]	train-merror:0.902169
    [12]	train-merror:0.899757
    [13]	train-merror:0.898151
    [14]	train-merror:0.898382
    [15]	train-merror:0.897186
    [16]	train-merror:0.89724
    [17]	train-merror:0.89724
    [18]	train-merror:0.896839
    [19]	train-merror:0.896813
    [20]	train-merror:0.897417
    [21]	train-merror:0.896652
    [22]	train-merror:0.8957
    [23]	train-merror:0.894104
    [24]	train-merror:0.893607
    [25]	train-merror:0.892984
    [26]	train-merror:0.89257
    [27]	train-merror:0.892539
    [28]	train-merror:0.892706
    [29]	train-merror:0.892649
    [30]	train-merror:0.893155
    [31]	train-merror:0.893468
    [32]	train-merror:0.893487
    [33]	train-merror:0.89411
    [34]	train-merror:0.893797
    [35]	train-merror:0.89337
    [36]	train-merror:0.893984
    [37]	train-merror:0.893708
    [38]	train-merror:0.893063
    [39]	train-merror:0.892105
    [40]	train-merror:0.892352
    [41]	train-merror:0.892801
    [42]	train-merror:0.892662
    [43]	train-merror:0.892886
    [44]	train-merror:0.892153
    [45]	train-merror:0.89208
    [46]	train-merror:0.892178
    [47]	train-merror:0.89289
    [48]	train-merror:0.893367
    [49]	train-merror:0.893689
    [50]	train-merror:0.893067
    [51]	train-merror:0.893003
    [52]	train-merror:0.892374
    [53]	train-merror:0.89215
    [54]	train-merror:0.892162
    [55]	train-merror:0.891827
    [56]	train-merror:0.89183
    [57]	train-merror:0.892343
    [58]	train-merror:0.892036
    [59]	train-merror:0.891963
    [60]	train-merror:0.891666
    [61]	train-merror:0.891742
    [62]	train-merror:0.891786
    [63]	train-merror:0.891849
    [64]	train-merror:0.891416
    [65]	train-merror:0.891903
    [66]	train-merror:0.892004
    [67]	train-merror:0.892229
    [68]	train-merror:0.89189
    [69]	train-merror:0.891698
    [70]	train-merror:0.891236
    [71]	train-merror:0.891476
    [72]	train-merror:0.891318
    [73]	train-merror:0.891619
    [74]	train-merror:0.892023
    [75]	train-merror:0.891941
    [76]	train-merror:0.891849
    [77]	train-merror:0.891625
    [78]	train-merror:0.891011
    [79]	train-merror:0.890831
    result {'acc': 0.10901381998918683, 'balanced_acc': 0.08343564337156482, 'logloss': 3.8715651539884335, 'walltime': 188.161359, 'karea': 0.6979440574819368}
    
    23 {'max_depth': 3, 'learning_rate': 0.01, 'objective': 'multi:softprob', 'num_class': 54, 'base_score': 0.5, 'booster': 'gbtree', 'colsample_bylevel': 0.1, 'colsample_bynode': 1, 'colsample_bytree': 0.5, 'gamma': 0, 'max_delta_step': 0, 'min_child_weight': 1, 'random_state': 0, 'reg_alpha': 0, 'reg_lambda': 1, 'scale_pos_weight': 1, 'seed': 42, 'subsample': 0.1, 'verbosity': 0} num_round,  100
    [0]	train-merror:0.947645
    [1]	train-merror:0.929623
    [2]	train-merror:0.920058
    [3]	train-merror:0.915139
    [4]	train-merror:0.906874
    [5]	train-merror:0.904983
    [6]	train-merror:0.898723
    [7]	train-merror:0.901392
    [8]	train-merror:0.901954
    [9]	train-merror:0.902947
    [10]	train-merror:0.9016
    [11]	train-merror:0.902169
    [12]	train-merror:0.899757
    [13]	train-merror:0.898151
    [14]	train-merror:0.898382
    [15]	train-merror:0.897186
    [16]	train-merror:0.89724
    [17]	train-merror:0.89724
    [18]	train-merror:0.896839
    [19]	train-merror:0.896813
    [20]	train-merror:0.897417
    [21]	train-merror:0.896652
    [22]	train-merror:0.8957
    [23]	train-merror:0.894104
    [24]	train-merror:0.893607
    [25]	train-merror:0.892984
    [26]	train-merror:0.89257
    [27]	train-merror:0.892539
    [28]	train-merror:0.892706
    [29]	train-merror:0.892649
    [30]	train-merror:0.893155
    [31]	train-merror:0.893468
    [32]	train-merror:0.893487
    [33]	train-merror:0.89411
    [34]	train-merror:0.893797
    [35]	train-merror:0.89337
    [36]	train-merror:0.893984
    [37]	train-merror:0.893708
    [38]	train-merror:0.893063
    [39]	train-merror:0.892105
    [40]	train-merror:0.892352
    [41]	train-merror:0.892801
    [42]	train-merror:0.892662
    [43]	train-merror:0.892886
    [44]	train-merror:0.892153
    [45]	train-merror:0.89208
    [46]	train-merror:0.892178
    [47]	train-merror:0.89289
    [48]	train-merror:0.893367
    [49]	train-merror:0.893689
    [50]	train-merror:0.893067
    [51]	train-merror:0.893003
    [52]	train-merror:0.892374
    [53]	train-merror:0.89215
    [54]	train-merror:0.892162
    [55]	train-merror:0.891827
    [56]	train-merror:0.89183
    [57]	train-merror:0.892343
    [58]	train-merror:0.892036
    [59]	train-merror:0.891963
    [60]	train-merror:0.891666
    [61]	train-merror:0.891742
    [62]	train-merror:0.891786
    [63]	train-merror:0.891849
    [64]	train-merror:0.891416
    [65]	train-merror:0.891903
    [66]	train-merror:0.892004
    [67]	train-merror:0.892229
    [68]	train-merror:0.89189
    [69]	train-merror:0.891698
    [70]	train-merror:0.891236
    [71]	train-merror:0.891476
    [72]	train-merror:0.891318
    [73]	train-merror:0.891619
    [74]	train-merror:0.892023
    [75]	train-merror:0.891941
    [76]	train-merror:0.891849
    [77]	train-merror:0.891625
    [78]	train-merror:0.891011
    [79]	train-merror:0.890831
    [80]	train-merror:0.890923
    [81]	train-merror:0.890885
    [82]	train-merror:0.890853
    [83]	train-merror:0.890721
    [84]	train-merror:0.890635
    [85]	train-merror:0.890847
    [86]	train-merror:0.890483
    [87]	train-merror:0.890275
    [88]	train-merror:0.89005
    [89]	train-merror:0.89036
    [90]	train-merror:0.890446
    [91]	train-merror:0.890281
    [92]	train-merror:0.890069
    [93]	train-merror:0.890177
    [94]	train-merror:0.890174
    [95]	train-merror:0.89012
    [96]	train-merror:0.890297
    [97]	train-merror:0.890363
    [98]	train-merror:0.889959
    [99]	train-merror:0.889715
    result {'acc': 0.11033226782513018, 'balanced_acc': 0.08505293233067296, 'logloss': 3.848959197175778, 'walltime': 236.067771, 'karea': 0.6996918000835405}
    
    24 {'max_depth': 3, 'learning_rate': 0.01, 'objective': 'multi:softprob', 'num_class': 54, 'base_score': 0.5, 'booster': 'gbtree', 'colsample_bylevel': 0.2, 'colsample_bynode': 1, 'colsample_bytree': 0.5, 'gamma': 0, 'max_delta_step': 0, 'min_child_weight': 1, 'random_state': 0, 'reg_alpha': 0, 'reg_lambda': 1, 'scale_pos_weight': 1, 'seed': 42, 'subsample': 0.1, 'verbosity': 0} num_round,  10
    [0]	train-merror:0.928345
    [1]	train-merror:0.909255
    [2]	train-merror:0.900244
    [3]	train-merror:0.897512
    [4]	train-merror:0.89116
    [5]	train-merror:0.89332
    [6]	train-merror:0.894161
    [7]	train-merror:0.895163
    [8]	train-merror:0.895938
    [9]	train-merror:0.894872
    result {'acc': 0.1053240630957914, 'balanced_acc': 0.08537072604951083, 'logloss': 3.9639677201391046, 'walltime': 26.131305, 'karea': 0.7027982149488026}
    
    25 {'max_depth': 3, 'learning_rate': 0.01, 'objective': 'multi:softprob', 'num_class': 54, 'base_score': 0.5, 'booster': 'gbtree', 'colsample_bylevel': 0.2, 'colsample_bynode': 1, 'colsample_bytree': 0.5, 'gamma': 0, 'max_delta_step': 0, 'min_child_weight': 1, 'random_state': 0, 'reg_alpha': 0, 'reg_lambda': 1, 'scale_pos_weight': 1, 'seed': 42, 'subsample': 0.1, 'verbosity': 0} num_round,  20
    [0]	train-merror:0.928345
    [1]	train-merror:0.909255
    [2]	train-merror:0.900244
    [3]	train-merror:0.897512
    [4]	train-merror:0.89116
    [5]	train-merror:0.89332
    [6]	train-merror:0.894161
    [7]	train-merror:0.895163
    [8]	train-merror:0.895938
    [9]	train-merror:0.894872
    [10]	train-merror:0.893721
    [11]	train-merror:0.892703
    [12]	train-merror:0.890879
    [13]	train-merror:0.890411
    [14]	train-merror:0.891208
    [15]	train-merror:0.888779
    [16]	train-merror:0.888681
    [17]	train-merror:0.889605
    [18]	train-merror:0.8884
    [19]	train-merror:0.888327
    result {'acc': 0.11249490168552648, 'balanced_acc': 0.09310444197134081, 'logloss': 3.941154311618649, 'walltime': 48.611971, 'karea': 0.7066797843970674}
    
    26 {'max_depth': 3, 'learning_rate': 0.01, 'objective': 'multi:softprob', 'num_class': 54, 'base_score': 0.5, 'booster': 'gbtree', 'colsample_bylevel': 0.2, 'colsample_bynode': 1, 'colsample_bytree': 0.5, 'gamma': 0, 'max_delta_step': 0, 'min_child_weight': 1, 'random_state': 0, 'reg_alpha': 0, 'reg_lambda': 1, 'scale_pos_weight': 1, 'seed': 42, 'subsample': 0.1, 'verbosity': 0} num_round,  40
    [0]	train-merror:0.928345
    [1]	train-merror:0.909255
    [2]	train-merror:0.900244
    [3]	train-merror:0.897512
    [4]	train-merror:0.89116
    [5]	train-merror:0.89332
    [6]	train-merror:0.894161
    [7]	train-merror:0.895163
    [8]	train-merror:0.895938
    [9]	train-merror:0.894872
    [10]	train-merror:0.893721
    [11]	train-merror:0.892703
    [12]	train-merror:0.890879
    [13]	train-merror:0.890411
    [14]	train-merror:0.891208
    [15]	train-merror:0.888779
    [16]	train-merror:0.888681
    [17]	train-merror:0.889605
    [18]	train-merror:0.8884
    [19]	train-merror:0.888327
    [20]	train-merror:0.888185
    [21]	train-merror:0.88779
    [22]	train-merror:0.888349
    [23]	train-merror:0.889061
    [24]	train-merror:0.888545
    [25]	train-merror:0.888906
    [26]	train-merror:0.889563
    [27]	train-merror:0.889826
    [28]	train-merror:0.889668
    [29]	train-merror:0.889813
    [30]	train-merror:0.889437
    [31]	train-merror:0.889633
    [32]	train-merror:0.889605
    [33]	train-merror:0.88938
    [34]	train-merror:0.888817
    [35]	train-merror:0.888583
    [36]	train-merror:0.888216
    [37]	train-merror:0.888716
    [38]	train-merror:0.887938
    [39]	train-merror:0.887954
    result {'acc': 0.11299761920570632, 'balanced_acc': 0.09147105668613377, 'logloss': 3.90343499644711, 'walltime': 96.777859, 'karea': 0.7107463159518134}
    
    27 {'max_depth': 3, 'learning_rate': 0.01, 'objective': 'multi:softprob', 'num_class': 54, 'base_score': 0.5, 'booster': 'gbtree', 'colsample_bylevel': 0.2, 'colsample_bynode': 1, 'colsample_bytree': 0.5, 'gamma': 0, 'max_delta_step': 0, 'min_child_weight': 1, 'random_state': 0, 'reg_alpha': 0, 'reg_lambda': 1, 'scale_pos_weight': 1, 'seed': 42, 'subsample': 0.1, 'verbosity': 0} num_round,  60
    [0]	train-merror:0.928345
    [1]	train-merror:0.909255
    [2]	train-merror:0.900244
    [3]	train-merror:0.897512
    [4]	train-merror:0.89116
    [5]	train-merror:0.89332
    [6]	train-merror:0.894161
    [7]	train-merror:0.895163
    [8]	train-merror:0.895938
    [9]	train-merror:0.894872
    [10]	train-merror:0.893721
    [11]	train-merror:0.892703
    [12]	train-merror:0.890879
    [13]	train-merror:0.890411
    [14]	train-merror:0.891208
    [15]	train-merror:0.888779
    [16]	train-merror:0.888681
    [17]	train-merror:0.889605
    [18]	train-merror:0.8884
    [19]	train-merror:0.888327
    [20]	train-merror:0.888185
    [21]	train-merror:0.88779
    [22]	train-merror:0.888349
    [23]	train-merror:0.889061
    [24]	train-merror:0.888545
    [25]	train-merror:0.888906
    [26]	train-merror:0.889563
    [27]	train-merror:0.889826
    [28]	train-merror:0.889668
    [29]	train-merror:0.889813
    [30]	train-merror:0.889437
    [31]	train-merror:0.889633
    [32]	train-merror:0.889605
    [33]	train-merror:0.88938
    [34]	train-merror:0.888817
    [35]	train-merror:0.888583
    [36]	train-merror:0.888216
    [37]	train-merror:0.888716
    [38]	train-merror:0.887938
    [39]	train-merror:0.887954
    [40]	train-merror:0.88846
    [41]	train-merror:0.887707
    [42]	train-merror:0.887638
    [43]	train-merror:0.887467
    [44]	train-merror:0.887919
    [45]	train-merror:0.88766
    [46]	train-merror:0.887142
    [47]	train-merror:0.88735
    [48]	train-merror:0.887695
    [49]	train-merror:0.887511
    [50]	train-merror:0.88773
    [51]	train-merror:0.888109
    [52]	train-merror:0.888324
    [53]	train-merror:0.888352
    [54]	train-merror:0.888308
    [55]	train-merror:0.88785
    [56]	train-merror:0.88791
    [57]	train-merror:0.887853
    [58]	train-merror:0.887685
    [59]	train-merror:0.888166
    result {'acc': 0.11246644597683705, 'balanced_acc': 0.08840161872376497, 'logloss': 3.870413189232855, 'walltime': 146.792252, 'karea': 0.7129208941837585}
    
    28 {'max_depth': 3, 'learning_rate': 0.01, 'objective': 'multi:softprob', 'num_class': 54, 'base_score': 0.5, 'booster': 'gbtree', 'colsample_bylevel': 0.2, 'colsample_bynode': 1, 'colsample_bytree': 0.5, 'gamma': 0, 'max_delta_step': 0, 'min_child_weight': 1, 'random_state': 0, 'reg_alpha': 0, 'reg_lambda': 1, 'scale_pos_weight': 1, 'seed': 42, 'subsample': 0.1, 'verbosity': 0} num_round,  80
    [0]	train-merror:0.928345
    [1]	train-merror:0.909255
    [2]	train-merror:0.900244
    [3]	train-merror:0.897512
    [4]	train-merror:0.89116
    [5]	train-merror:0.89332
    [6]	train-merror:0.894161
    [7]	train-merror:0.895163
    [8]	train-merror:0.895938
    [9]	train-merror:0.894872
    [10]	train-merror:0.893721
    [11]	train-merror:0.892703
    [12]	train-merror:0.890879
    [13]	train-merror:0.890411
    [14]	train-merror:0.891208
    [15]	train-merror:0.888779
    [16]	train-merror:0.888681
    [17]	train-merror:0.889605
    [18]	train-merror:0.8884
    [19]	train-merror:0.888327
    [20]	train-merror:0.888185
    [21]	train-merror:0.88779
    [22]	train-merror:0.888349
    [23]	train-merror:0.889061
    [24]	train-merror:0.888545
    [25]	train-merror:0.888906
    [26]	train-merror:0.889563
    [27]	train-merror:0.889826
    [28]	train-merror:0.889668
    [29]	train-merror:0.889813
    [30]	train-merror:0.889437
    [31]	train-merror:0.889633
    [32]	train-merror:0.889605
    [33]	train-merror:0.88938
    [34]	train-merror:0.888817
    [35]	train-merror:0.888583
    [36]	train-merror:0.888216
    [37]	train-merror:0.888716
    [38]	train-merror:0.887938
    [39]	train-merror:0.887954
    [40]	train-merror:0.88846
    [41]	train-merror:0.887707
    [42]	train-merror:0.887638
    [43]	train-merror:0.887467
    [44]	train-merror:0.887919
    [45]	train-merror:0.88766
    [46]	train-merror:0.887142
    [47]	train-merror:0.88735
    [48]	train-merror:0.887695
    [49]	train-merror:0.887511
    [50]	train-merror:0.88773
    [51]	train-merror:0.888109
    [52]	train-merror:0.888324
    [53]	train-merror:0.888352
    [54]	train-merror:0.888308
    [55]	train-merror:0.88785
    [56]	train-merror:0.88791
    [57]	train-merror:0.887853
    [58]	train-merror:0.887685
    [59]	train-merror:0.888166
    [60]	train-merror:0.888058
    [61]	train-merror:0.887891
    [62]	train-merror:0.887303
    [63]	train-merror:0.887353
    [64]	train-merror:0.887685
    [65]	train-merror:0.887644
    [66]	train-merror:0.887221
    [67]	train-merror:0.887037
    [68]	train-merror:0.887176
    [69]	train-merror:0.887179
    [70]	train-merror:0.887176
    [71]	train-merror:0.88698
    [72]	train-merror:0.886209
    [73]	train-merror:0.886285
    [74]	train-merror:0.886708
    [75]	train-merror:0.886085
    [76]	train-merror:0.886247
    [77]	train-merror:0.886051
    [78]	train-merror:0.885987
    [79]	train-merror:0.885902
    result {'acc': 0.11405048042721504, 'balanced_acc': 0.09050993185816543, 'logloss': 3.8408255691691235, 'walltime': 195.297808, 'karea': 0.7148186440398115}
    
    29 {'max_depth': 3, 'learning_rate': 0.01, 'objective': 'multi:softprob', 'num_class': 54, 'base_score': 0.5, 'booster': 'gbtree', 'colsample_bylevel': 0.2, 'colsample_bynode': 1, 'colsample_bytree': 0.5, 'gamma': 0, 'max_delta_step': 0, 'min_child_weight': 1, 'random_state': 0, 'reg_alpha': 0, 'reg_lambda': 1, 'scale_pos_weight': 1, 'seed': 42, 'subsample': 0.1, 'verbosity': 0} num_round,  100
    [0]	train-merror:0.928345
    [1]	train-merror:0.909255
    [2]	train-merror:0.900244
    [3]	train-merror:0.897512
    [4]	train-merror:0.89116
    [5]	train-merror:0.89332
    [6]	train-merror:0.894161
    [7]	train-merror:0.895163
    [8]	train-merror:0.895938
    [9]	train-merror:0.894872
    [10]	train-merror:0.893721
    [11]	train-merror:0.892703
    [12]	train-merror:0.890879
    [13]	train-merror:0.890411
    [14]	train-merror:0.891208
    [15]	train-merror:0.888779
    [16]	train-merror:0.888681
    [17]	train-merror:0.889605
    [18]	train-merror:0.8884
    [19]	train-merror:0.888327
    [20]	train-merror:0.888185
    [21]	train-merror:0.88779
    [22]	train-merror:0.888349
    [23]	train-merror:0.889061
    [24]	train-merror:0.888545
    [25]	train-merror:0.888906
    [26]	train-merror:0.889563
    [27]	train-merror:0.889826
    [28]	train-merror:0.889668
    [29]	train-merror:0.889813
    [30]	train-merror:0.889437
    [31]	train-merror:0.889633
    [32]	train-merror:0.889605
    [33]	train-merror:0.88938
    [34]	train-merror:0.888817
    [35]	train-merror:0.888583
    [36]	train-merror:0.888216
    [37]	train-merror:0.888716
    [38]	train-merror:0.887938
    [39]	train-merror:0.887954
    [40]	train-merror:0.88846
    [41]	train-merror:0.887707
    [42]	train-merror:0.887638
    [43]	train-merror:0.887467
    [44]	train-merror:0.887919
    [45]	train-merror:0.88766
    [46]	train-merror:0.887142
    [47]	train-merror:0.88735
    [48]	train-merror:0.887695
    [49]	train-merror:0.887511
    [50]	train-merror:0.88773
    [51]	train-merror:0.888109
    [52]	train-merror:0.888324
    [53]	train-merror:0.888352
    [54]	train-merror:0.888308
    [55]	train-merror:0.88785
    [56]	train-merror:0.88791
    [57]	train-merror:0.887853
    [58]	train-merror:0.887685
    [59]	train-merror:0.888166
    [60]	train-merror:0.888058
    [61]	train-merror:0.887891
    [62]	train-merror:0.887303
    [63]	train-merror:0.887353
    [64]	train-merror:0.887685
    [65]	train-merror:0.887644
    [66]	train-merror:0.887221
    [67]	train-merror:0.887037
    [68]	train-merror:0.887176
    [69]	train-merror:0.887179
    [70]	train-merror:0.887176
    [71]	train-merror:0.88698
    [72]	train-merror:0.886209
    [73]	train-merror:0.886285
    [74]	train-merror:0.886708
    [75]	train-merror:0.886085
    [76]	train-merror:0.886247
    [77]	train-merror:0.886051
    [78]	train-merror:0.885987
    [79]	train-merror:0.885902
    [80]	train-merror:0.885712
    [81]	train-merror:0.885624
    [82]	train-merror:0.885719
    [83]	train-merror:0.885896
    [84]	train-merror:0.885893
    [85]	train-merror:0.885877
    [86]	train-merror:0.885728
    [87]	train-merror:0.885668
    [88]	train-merror:0.885403
    [89]	train-merror:0.885371
    [90]	train-merror:0.885175
    [91]	train-merror:0.885229
    [92]	train-merror:0.885248
    [93]	train-merror:0.885434
    [94]	train-merror:0.885605
    [95]	train-merror:0.886032
    [96]	train-merror:0.885674
    [97]	train-merror:0.885488
    [98]	train-merror:0.885352
    [99]	train-merror:0.885447
    result {'acc': 0.11452474223870546, 'balanced_acc': 0.09181951184547822, 'logloss': 3.814821634151065, 'walltime': 244.755332, 'karea': 0.7161458745018935}
    
    30 {'max_depth': 3, 'learning_rate': 0.01, 'objective': 'multi:softprob', 'num_class': 54, 'base_score': 0.5, 'booster': 'gbtree', 'colsample_bylevel': 1, 'colsample_bynode': 1, 'colsample_bytree': 0.5, 'gamma': 0, 'max_delta_step': 0, 'min_child_weight': 1, 'random_state': 0, 'reg_alpha': 0, 'reg_lambda': 1, 'scale_pos_weight': 1, 'seed': 42, 'subsample': 0.1, 'verbosity': 0} num_round,  10
    [0]	train-merror:0.908942
    [1]	train-merror:0.896424
    [2]	train-merror:0.893146
    [3]	train-merror:0.892573
    [4]	train-merror:0.888438
    [5]	train-merror:0.887736
    [6]	train-merror:0.885156
    [7]	train-merror:0.884947
    [8]	train-merror:0.886345
    [9]	train-merror:0.887012
    result {'acc': 0.11240004932322839, 'balanced_acc': 0.09451924755468605, 'logloss': 3.952921683427729, 'walltime': 26.805804, 'karea': 0.7202884635990007}
    
    31 {'max_depth': 3, 'learning_rate': 0.01, 'objective': 'multi:softprob', 'num_class': 54, 'base_score': 0.5, 'booster': 'gbtree', 'colsample_bylevel': 1, 'colsample_bynode': 1, 'colsample_bytree': 0.5, 'gamma': 0, 'max_delta_step': 0, 'min_child_weight': 1, 'random_state': 0, 'reg_alpha': 0, 'reg_lambda': 1, 'scale_pos_weight': 1, 'seed': 42, 'subsample': 0.1, 'verbosity': 0} num_round,  20
    [0]	train-merror:0.908942
    [1]	train-merror:0.896424
    [2]	train-merror:0.893146
    [3]	train-merror:0.892573
    [4]	train-merror:0.888438
    [5]	train-merror:0.887736
    [6]	train-merror:0.885156
    [7]	train-merror:0.884947
    [8]	train-merror:0.886345
    [9]	train-merror:0.887012
    [10]	train-merror:0.886225
    [11]	train-merror:0.885687
    [12]	train-merror:0.885279
    [13]	train-merror:0.885235
    [14]	train-merror:0.884843
    [15]	train-merror:0.884239
    [16]	train-merror:0.884947
    [17]	train-merror:0.884716
    [18]	train-merror:0.884467
    [19]	train-merror:0.884596
    result {'acc': 0.1145911388923141, 'balanced_acc': 0.09696822698047765, 'logloss': 3.9209571689079525, 'walltime': 53.774035, 'karea': 0.7234003236924686}
    
    32 {'max_depth': 3, 'learning_rate': 0.01, 'objective': 'multi:softprob', 'num_class': 54, 'base_score': 0.5, 'booster': 'gbtree', 'colsample_bylevel': 1, 'colsample_bynode': 1, 'colsample_bytree': 0.5, 'gamma': 0, 'max_delta_step': 0, 'min_child_weight': 1, 'random_state': 0, 'reg_alpha': 0, 'reg_lambda': 1, 'scale_pos_weight': 1, 'seed': 42, 'subsample': 0.1, 'verbosity': 0} num_round,  40
    [0]	train-merror:0.908942
    [1]	train-merror:0.896424
    [2]	train-merror:0.893146
    [3]	train-merror:0.892573
    [4]	train-merror:0.888438
    [5]	train-merror:0.887736
    [6]	train-merror:0.885156
    [7]	train-merror:0.884947
    [8]	train-merror:0.886345
    [9]	train-merror:0.887012
    [10]	train-merror:0.886225
    [11]	train-merror:0.885687
    [12]	train-merror:0.885279
    [13]	train-merror:0.885235
    [14]	train-merror:0.884843
    [15]	train-merror:0.884239
    [16]	train-merror:0.884947
    [17]	train-merror:0.884716
    [18]	train-merror:0.884467
    [19]	train-merror:0.884596
    [20]	train-merror:0.883936
    [21]	train-merror:0.883875
    [22]	train-merror:0.883471
    [23]	train-merror:0.88324
    [24]	train-merror:0.88306
    [25]	train-merror:0.883578
    [26]	train-merror:0.883344
    [27]	train-merror:0.883819
    [28]	train-merror:0.88336
    [29]	train-merror:0.883547
    [30]	train-merror:0.883708
    [31]	train-merror:0.883183
    [32]	train-merror:0.883088
    [33]	train-merror:0.883328
    [34]	train-merror:0.883104
    [35]	train-merror:0.882823
    [36]	train-merror:0.883069
    [37]	train-merror:0.882879
    [38]	train-merror:0.882993
    result {'acc': 0.11631745188613922, 'balanced_acc': 0.0979681028143153, 'logloss': 3.869276434413477, 'walltime': 108.643898, 'karea': 0.7263252895017056}
    
    33 {'max_depth': 3, 'learning_rate': 0.01, 'objective': 'multi:softprob', 'num_class': 54, 'base_score': 0.5, 'booster': 'gbtree', 'colsample_bylevel': 1, 'colsample_bynode': 1, 'colsample_bytree': 0.5, 'gamma': 0, 'max_delta_step': 0, 'min_child_weight': 1, 'random_state': 0, 'reg_alpha': 0, 'reg_lambda': 1, 'scale_pos_weight': 1, 'seed': 42, 'subsample': 0.1, 'verbosity': 0} num_round,  60
    [0]	train-merror:0.908942
    [1]	train-merror:0.896424
    [1]	train-merror:0.889557
    [2]	train-merror:0.887132
    [3]	train-merror:0.887527
    [4]	train-merror:0.88674
    [1]	train-merror:0.930167
    [2]	train-merror:0.921402
    [3]	train-merror:0.914908
    [4]	train-merror:0.906416
    [5]	train-merror:0.903241
    [6]	train-merror:0.896228
    result {'acc': 0.11662097944549309, 'balanced_acc': 0.0946117799782427, 'logloss': 3.5593758988807203, 'walltime': 1033.76005, 'karea': 0.7430695418876815}
    
    186 {'max_depth': 3, 'learning_rate': 0.1, 'objective': 'multi:softprob', 'num_class': 54, 'base_score': 0.5, 'booster': 'gbtree', 'colsample_bylevel': 0.2, 'colsample_bynode': 1, 'colsample_bytree': 0.5, 'gamma': 0, 'max_delta_step': 0, 'min_child_weight': 1, 'random_state': 0, 'reg_alpha': 0, 'reg_lambda': 1, 'scale_pos_weight': 1, 'seed': 42, 'subsample': 0.1, 'verbosity': 0} num_round,  10
    [0]	train-merror:0.928345
    [1]	train-merror:0.908885
    [2]	train-merror:0.899962
    [3]	train-merror:0.895877
    [4]	train-merror:0.890819
    [5]	train-merror:0.892997
    [6]	train-merror:0.893484
    [7]	train-merror:0.893835
    [8]	train-merror:0.893063
    [9]	train-merror:0.891881
    result {'acc': 0.10855852865015603, 'balanced_acc': 0.08808004812075473, 'logloss': 3.80731471825341, 'walltime': 153.195213, 'karea': 0.7096189780606487}
    
    187 {'max_depth': 3, 'learning_rate': 0.1, 'objective': 'multi:softprob', 'num_class': 54, 'base_score': 0.5, 'booster': 'gbtree', 'colsample_bylevel': 0.2, 'colsample_bynode': 1, 'colsample_bytree': 0.5, 'gamma': 0, 'max_delta_step': 0, 'min_child_weight': 1, 'random_state': 0, 'reg_alpha': 0, 'reg_lambda': 1, 'scale_pos_weight': 1, 'seed': 42, 'subsample': 0.1, 'verbosity': 0} num_round,  20
    [0]	train-merror:0.928345
    [1]	train-merror:0.908885
    [2]	train-merror:0.899962
    [3]	train-merror:0.895877
    [4]	train-merror:0.890819
    [5]	train-merror:0.892997
    [6]	train-merror:0.893484
    [7]	train-merror:0.893835
    [8]	train-merror:0.893063
    [9]	train-merror:0.891881
    [10]	train-merror:0.890806
    [11]	train-merror:0.889516
    [12]	train-merror:0.888011
    [13]	train-merror:0.888324
    [14]	train-merror:0.888991
    [15]	train-merror:0.887736
    [16]	train-merror:0.886683
    [17]	train-merror:0.887328
    [18]	train-merror:0.886667
    [19]	train-merror:0.88698
    result {'acc': 0.11424018515181121, 'balanced_acc': 0.09493046942318024, 'logloss': 3.715940737424044, 'walltime': 194.032276, 'karea': 0.7184016041993598}
    
    188 {'max_depth': 3, 'learning_rate': 0.1, 'objective': 'multi:softprob', 'num_class': 54, 'base_score': 0.5, 'booster': 'gbtree', 'colsample_bylevel': 0.2, 'colsample_bynode': 1, 'colsample_bytree': 0.5, 'gamma': 0, 'max_delta_step': 0, 'min_child_weight': 1, 'random_state': 0, 'reg_alpha': 0, 'reg_lambda': 1, 'scale_pos_weight': 1, 'seed': 42, 'subsample': 0.1, 'verbosity': 0} num_round,  40
    [0]	train-merror:0.928345
    [1]	train-merror:0.908885
    [2]	train-merror:0.899962
    [3]	train-merror:0.895877
    [4]	train-merror:0.890819
    [5]	train-merror:0.892997
    [6]	train-merror:0.893484
    [7]	train-merror:0.893835
    [8]	train-merror:0.893063
    [9]	train-merror:0.891881
    [10]	train-merror:0.890806
    [11]	train-merror:0.889516
    [12]	train-merror:0.888011
    [13]	train-merror:0.888324
    [14]	train-merror:0.888991
    [15]	train-merror:0.887736
    [16]	train-merror:0.886683
    [17]	train-merror:0.887328
    [18]	train-merror:0.886667
    [19]	train-merror:0.88698
    [20]	train-merror:0.886085
    [21]	train-merror:0.885934
    [22]	train-merror:0.885814

